{"meta": {"format": 3, "version": "7.16.0", "timestamp": "2026-08-30T17:00:14.181976", "branch_coverage": false, "show_contexts": false}, "files": {"src\\__init__.py": {"executed_lines": [], "summary": {"covered_lines": 0, "num_statements": 0, "percent_covered": 100.0, "percent_covered_display": "100", "missing_lines": 0, "excluded_lines": 0, "percent_statements_covered": 100.0, "percent_statements_covered_display": "100"}, "missing_lines": [], "excluded_lines": [], "functions": {"": {"executed_lines": [], "summary": {"covered_lines": 0, "num_statements": 0, "percent_covered": 100.0, "percent_covered_display": "100", "missing_lines": 0, "excluded_lines": 0, "percent_statements_covered": 100.0, "percent_statements_covered_display": "100"}, "missing_lines": [], "excluded_lines": [], "start_line": 1}}, "classes": {"": {"executed_lines": [], "summary": {"covered_lines": 0, "num_statements": 0, "percent_covered": 100.0, "percent_covered_display": "100", "missing_lines": 0, "excluded_lines": 0, "percent_statements_covered": 100.0, "percent_statements_covered_display": "100"}, "missing_lines": [], "excluded_lines": [], "start_line": 1}}}, "src\\agent\\__init__.py": {"executed_lines": [], "summary": {"covered_lines": 0, "num_statements": 0, "percent_covered": 100.0, "percent_covered_display": "100", "missing_lines": 0, "excluded_lines": 0, "percent_statements_covered": 100.0, "percent_statements_covered_display": "100"}, "missing_lines": [], "excluded_lines": [], "functions": {"": {"executed_lines": [], "summary": {"covered_lines": 0, "num_statements": 0, "percent_covered": 100.0, "percent_covered_display": "100", "missing_lines": 0, "excluded_lines": 0, "percent_statements_covered": 100.0, "percent_statements_covered_display": "100"}, "missing_lines": [], "excluded_lines": [], "start_line": 1}}, "classes": {"": {"executed_lines": [], "summary": {"covered_lines": 0, "num_statements": 0, "percent_covered": 100.0, "percent_covered_display": "100", "missing_lines": 0, "excluded_lines": 0, "percent_statements_covered": 100.0, "percent_statements_covered_display": "100"}, "missing_lines": [], "excluded_lines": [], "start_line": 1}}}, "src\\agent\\loop.py": {"executed_lines": [18, 20, 21, 22, 23, 24, 26, 27, 28, 36, 37, 38, 39, 40, 41, 47, 49, 51, 52, 55, 58, 61, 75, 76, 77, 78, 79, 80, 81, 82, 84, 85, 86, 87, 91, 92, 93, 94, 95, 99, 100, 101, 107, 109, 114, 118, 128, 129, 130, 133, 134, 136, 137, 138, 141, 142, 147, 148, 158, 159, 198, 201, 202, 203, 205, 206, 207, 209, 210, 215, 216, 217, 219, 220, 223, 229, 230, 231, 232, 235, 236, 243, 244, 245, 247, 253, 254, 255, 258, 263, 264, 265, 266, 275, 279, 281, 292, 293, 296, 297, 298, 303, 307, 308, 320, 321, 322, 323, 324, 326, 327, 328, 331, 333, 336, 337, 339, 340, 341, 348, 359, 363, 366, 368, 377, 381, 383, 384, 385, 398, 399, 401, 410, 440, 441, 442, 448, 449, 450, 451, 452, 453, 454, 456, 458, 459, 460], "summary": {"covered_lines": 147, "num_statements": 178, "percent_covered": 82.58426966292134, "percent_covered_display": "83", "missing_lines": 31, "excluded_lines": 0, "percent_statements_covered": 82.58426966292134, "percent_statements_covered_display": "83"}, "missing_lines": [96, 97, 161, 162, 163, 164, 172, 181, 182, 183, 184, 188, 304, 349, 350, 355, 386, 390, 394, 416, 417, 418, 422, 425, 427, 428, 429, 430, 434, 444, 446], "excluded_lines": [], "functions": {"Agent.__init__": {"executed_lines": [75, 76, 77, 78, 79, 80, 81, 82, 84, 85, 86, 87], "summary": {"covered_lines": 12, "num_statements": 12, "percent_covered": 100.0, "percent_covered_display": "100", "missing_lines": 0, "excluded_lines": 0, "percent_statements_covered": 100.0, "percent_statements_covered_display": "100"}, "missing_lines": [], "excluded_lines": [], "start_line": 61}, "Agent._emit": {"executed_lines": [92, 93, 94, 95], "summary": {"covered_lines": 4, "num_statements": 6, "percent_covered": 66.66666666666667, "percent_covered_display": "67", "missing_lines": 2, "excluded_lines": 0, "percent_statements_covered": 66.66666666666667, "percent_statements_covered_display": "67"}, "missing_lines": [96, 97], "excluded_lines": [], "start_line": 91}, "Agent._set_state": {"executed_lines": [100, 101], "summary": {"covered_lines": 2, "num_statements": 2, "percent_covered": 100.0, "percent_covered_display": "100", "missing_lines": 0, "excluded_lines": 0, "percent_statements_covered": 100.0, "percent_statements_covered_display": "100"}, "missing_lines": [], "excluded_lines": [], "start_line": 99}, "Agent._get_operation_label": {"executed_lines": [109, 114], "summary": {"covered_lines": 2, "num_statements": 2, "percent_covered": 100.0, "percent_covered_display": "100", "missing_lines": 0, "excluded_lines": 0, "percent_statements_covered": 100.0, "percent_statements_covered_display": "100"}, "missing_lines": [], "excluded_lines": [], "start_line": 107}, "Agent.run": {"executed_lines": [128, 129, 130, 133, 134, 136, 137, 138, 141, 142, 147, 148, 158, 159], "summary": {"covered_lines": 14, "num_statements": 24, "percent_covered": 58.333333333333336, "percent_covered_display": "58", "missing_lines": 10, "excluded_lines": 0, "percent_statements_covered": 58.333333333333336, "percent_statements_covered_display": "58"}, "missing_lines": [161, 162, 163, 164, 172, 181, 182, 183, 184, 188], "excluded_lines": [], "start_line": 118}, "Agent._iterate": {"executed_lines": [201, 202, 203, 205, 206, 207, 209, 210, 215, 216, 217, 219, 220, 223, 229, 230, 231, 232, 235, 236, 243, 244, 245, 247, 253, 254, 255, 258, 263, 264, 265, 266, 275, 279, 281, 292, 293, 296, 297, 298, 303, 307, 308], "summary": {"covered_lines": 43, "num_statements": 44, "percent_covered": 97.72727272727273, "percent_covered_display": "98", "missing_lines": 1, "excluded_lines": 0, "percent_statements_covered": 97.72727272727273, "percent_statements_covered_display": "98"}, "missing_lines": [304], "excluded_lines": [], "start_line": 198}, "Agent._build_messages": {"executed_lines": [321, 322, 323, 324], "summary": {"covered_lines": 4, "num_statements": 4, "percent_covered": 100.0, "percent_covered_display": "100", "missing_lines": 0, "excluded_lines": 0, "percent_statements_covered": 100.0, "percent_statements_covered_display": "100"}, "missing_lines": [], "excluded_lines": [], "start_line": 320}, "Agent._append_assistant": {"executed_lines": [327, 328, 331], "summary": {"covered_lines": 3, "num_statements": 3, "percent_covered": 100.0, "percent_covered_display": "100", "missing_lines": 0, "excluded_lines": 0, "percent_statements_covered": 100.0, "percent_statements_covered_display": "100"}, "missing_lines": [], "excluded_lines": [], "start_line": 326}, "Agent._append_tool_results": {"executed_lines": [336, 337, 339, 340, 341, 348], "summary": {"covered_lines": 6, "num_statements": 9, "percent_covered": 66.66666666666667, "percent_covered_display": "67", "missing_lines": 3, "excluded_lines": 0, "percent_statements_covered": 66.66666666666667, "percent_statements_covered_display": "67"}, "missing_lines": [349, 350, 355], "excluded_lines": [], "start_line": 333}, "Agent._execute_tool_calls": {"executed_lines": [363, 366], "summary": {"covered_lines": 2, "num_statements": 2, "percent_covered": 100.0, "percent_covered_display": "100", "missing_lines": 0, "excluded_lines": 0, "percent_statements_covered": 100.0, "percent_statements_covered_display": "100"}, "missing_lines": [], "excluded_lines": [], "start_line": 359}, "Agent._execute_one": {"executed_lines": [377, 381, 383, 384, 385, 398, 399, 401, 410], "summary": {"covered_lines": 9, "num_statements": 22, "percent_covered": 40.90909090909091, "percent_covered_display": "41", "missing_lines": 13, "excluded_lines": 0, "percent_statements_covered": 40.90909090909091, "percent_statements_covered_display": "41"}, "missing_lines": [386, 390, 394, 416, 417, 418, 422, 425, 427, 428, 429, 430, 434], "excluded_lines": [], "start_line": 368}, "Agent._check_permission": {"executed_lines": [441, 442, 448, 449, 450, 451, 452, 453, 454], "summary": {"covered_lines": 9, "num_statements": 11, "percent_covered": 81.81818181818181, "percent_covered_display": "82", "missing_lines": 2, "excluded_lines": 0, "percent_statements_covered": 81.81818181818181, "percent_statements_covered_display": "82"}, "missing_lines": [444, 446], "excluded_lines": [], "start_line": 440}, "Agent._track_path": {"executed_lines": [458, 459, 460], "summary": {"covered_lines": 3, "num_statements": 3, "percent_covered": 100.0, "percent_covered_display": "100", "missing_lines": 0, "excluded_lines": 0, "percent_statements_covered": 100.0, "percent_statements_covered_display": "100"}, "missing_lines": [], "excluded_lines": [], "start_line": 456}, "": {"executed_lines": [18, 20, 21, 22, 23, 24, 26, 27, 28, 36, 37, 38, 39, 40, 41, 47, 49, 51, 52, 55, 58, 61, 91, 99, 107, 118, 198, 320, 326, 333, 359, 368, 440, 456], "summary": {"covered_lines": 34, "num_statements": 34, "percent_covered": 100.0, "percent_covered_display": "100", "missing_lines": 0, "excluded_lines": 0, "percent_statements_covered": 100.0, "percent_statements_covered_display": "100"}, "missing_lines": [], "excluded_lines": [], "start_line": 1}}, "classes": {"Agent": {"executed_lines": [75, 76, 77, 78, 79, 80, 81, 82, 84, 85, 86, 87, 92, 93, 94, 95, 100, 101, 109, 114, 128, 129, 130, 133, 134, 136, 137, 138, 141, 142, 147, 148, 158, 159, 201, 202, 203, 205, 206, 207, 209, 210, 215, 216, 217, 219, 220, 223, 229, 230, 231, 232, 235, 236, 243, 244, 245, 247, 253, 254, 255, 258, 263, 264, 265, 266, 275, 279, 281, 292, 293, 296, 297, 298, 303, 307, 308, 321, 322, 323, 324, 327, 328, 331, 336, 337, 339, 340, 341, 348, 363, 366, 377, 381, 383, 384, 385, 398, 399, 401, 410, 441, 442, 448, 449, 450, 451, 452, 453, 454, 458, 459, 460], "summary": {"covered_lines": 113, "num_statements": 144, "percent_covered": 78.47222222222223, "percent_covered_display": "78", "missing_lines": 31, "excluded_lines": 0, "percent_statements_covered": 78.47222222222223, "percent_statements_covered_display": "78"}, "missing_lines": [96, 97, 161, 162, 163, 164, 172, 181, 182, 183, 184, 188, 304, 349, 350, 355, 386, 390, 394, 416, 417, 418, 422, 425, 427, 428, 429, 430, 434, 444, 446], "excluded_lines": [], "start_line": 58}, "": {"executed_lines": [18, 20, 21, 22, 23, 24, 26, 27, 28, 36, 37, 38, 39, 40, 41, 47, 49, 51, 52, 55, 58, 61, 91, 99, 107, 118, 198, 320, 326, 333, 359, 368, 440, 456], "summary": {"covered_lines": 34, "num_statements": 34, "percent_covered": 100.0, "percent_covered_display": "100", "missing_lines": 0, "excluded_lines": 0, "percent_statements_covered": 100.0, "percent_statements_covered_display": "100"}, "missing_lines": [], "excluded_lines": [], "start_line": 1}}}, "src\\agent\\prompts.py": {"executed_lines": [11, 13, 40, 52], "summary": {"covered_lines": 4, "num_statements": 4, "percent_covered": 100.0, "percent_covered_display": "100", "missing_lines": 0, "excluded_lines": 0, "percent_statements_covered": 100.0, "percent_statements_covered_display": "100"}, "missing_lines": [], "excluded_lines": [], "functions": {"": {"executed_lines": [11, 13, 40, 52], "summary": {"covered_lines": 4, "num_statements": 4, "percent_covered": 100.0, "percent_covered_display": "100", "missing_lines": 0, "excluded_lines": 0, "percent_statements_covered": 100.0, "percent_statements_covered_display": "100"}, "missing_lines": [], "excluded_lines": [], "start_line": 1}}, "classes": {"": {"executed_lines": [11, 13, 40, 52], "summary": {"covered_lines": 4, "num_statements": 4, "percent_covered": 100.0, "percent_covered_display": "100", "missing_lines": 0, "excluded_lines": 0, "percent_statements_covered": 100.0, "percent_statements_covered_display": "100"}, "missing_lines": [], "excluded_lines": [], "start_line": 1}}}, "src\\agent\\providers.py": {"executed_lines": [11, 13, 15, 16, 17, 23, 26, 31, 39, 41, 42, 44, 45, 46, 48, 49, 50, 51, 52, 58, 69, 76, 84, 87, 88, 89, 90, 97, 100, 102, 103, 104, 105, 107, 108, 111, 119, 120, 121, 123, 130, 131, 132, 134, 135, 138, 142, 143, 144, 145, 146, 147, 149, 150, 151, 155, 156, 157, 158, 159, 161, 165, 166, 168, 169, 171, 174, 176, 177, 178, 179, 180, 181, 184, 185, 191, 194, 201, 202, 203, 204, 206, 207, 208, 210, 211, 213, 214, 219, 226, 227, 228, 229, 230, 233, 241, 242, 243, 244, 245, 247, 248, 250, 251, 252, 254, 255], "summary": {"covered_lines": 107, "num_statements": 127, "percent_covered": 84.25196850393701, "percent_covered_display": "84", "missing_lines": 20, "excluded_lines": 7, "percent_statements_covered": 84.25196850393701, "percent_statements_covered_display": "84"}, "missing_lines": [55, 56, 62, 63, 64, 67, 85, 125, 126, 127, 128, 136, 137, 139, 140, 152, 153, 162, 163, 209], "excluded_lines": [28, 29, 30, 33, 34, 35, 36], "functions": {"MessageProvider.get_context": {"executed_lines": [], "summary": {"covered_lines": 0, "num_statements": 0, "percent_covered": 100.0, "percent_covered_display": "100", "missing_lines": 0, "excluded_lines": 1, "percent_statements_covered": 100.0, "percent_statements_covered_display": "100"}, "missing_lines": [], "excluded_lines": [29], "start_line": 29}, "MessageProvider.append": {"executed_lines": [], "summary": {"covered_lines": 0, "num_statements": 0, "percent_covered": 100.0, "percent_covered_display": "100", "missing_lines": 0, "excluded_lines": 1, "percent_statements_covered": 100.0, "percent_statements_covered_display": "100"}, "missing_lines": [], "excluded_lines": [33], "start_line": 31}, "entry_to_message": {"executed_lines": [41, 42, 44, 45, 46, 48, 49, 50, 51, 52, 58, 69], "summary": {"covered_lines": 12, "num_statements": 18, "percent_covered": 66.66666666666667, "percent_covered_display": "67", "missing_lines": 6, "excluded_lines": 0, "percent_statements_covered": 66.66666666666667, "percent_statements_covered_display": "67"}, "missing_lines": [55, 56, 62, 63, 64, 67], "excluded_lines": [], "start_line": 39}, "expand_tool_entry": {"executed_lines": [84, 87, 88, 89, 90, 97], "summary": {"covered_lines": 6, "num_statements": 7, "percent_covered": 85.71428571428571, "percent_covered_display": "86", "missing_lines": 1, "excluded_lines": 0, "percent_statements_covered": 85.71428571428571, "percent_statements_covered_display": "86"}, "missing_lines": [85], "excluded_lines": [], "start_line": 76}, "entries_to_messages": {"executed_lines": [102, 103, 104, 105, 107, 108], "summary": {"covered_lines": 6, "num_statements": 6, "percent_covered": 100.0, "percent_covered_display": "100", "missing_lines": 0, "excluded_lines": 0, "percent_statements_covered": 100.0, "percent_statements_covered_display": "100"}, "missing_lines": [], "excluded_lines": [], "start_line": 100}, "repair_message_sequence": {"executed_lines": [119, 120, 121, 123, 130, 131, 132, 134, 135, 138, 142, 143, 144, 145, 146, 147, 149, 150, 151, 155, 156, 157, 158, 159, 161, 165, 166, 168, 169, 171], "summary": {"covered_lines": 30, "num_statements": 38, "percent_covered": 78.94736842105263, "percent_covered_display": "79", "missing_lines": 8, "excluded_lines": 0, "percent_statements_covered": 78.94736842105263, "percent_statements_covered_display": "79"}, "missing_lines": [136, 137, 139, 140, 152, 153, 162, 163], "excluded_lines": [], "start_line": 111}, "repair_message_sequence.drop_pending_group": {"executed_lines": [], "summary": {"covered_lines": 0, "num_statements": 4, "percent_covered": 0.0, "percent_covered_display": "0", "missing_lines": 4, "excluded_lines": 0, "percent_statements_covered": 0.0, "percent_statements_covered_display": "0"}, "missing_lines": [125, 126, 127, 128], "excluded_lines": [], "start_line": 123}, "message_to_entry_content": {"executed_lines": [176, 177, 178, 179, 180, 181, 184, 185], "summary": {"covered_lines": 8, "num_statements": 8, "percent_covered": 100.0, "percent_covered_display": "100", "missing_lines": 0, "excluded_lines": 0, "percent_statements_covered": 100.0, "percent_statements_covered_display": "100"}, "missing_lines": [], "excluded_lines": [], "start_line": 174}, "TreeMessageProvider.__init__": {"executed_lines": [201, 202, 203, 204], "summary": {"covered_lines": 4, "num_statements": 4, "percent_covered": 100.0, "percent_covered_display": "100", "missing_lines": 0, "excluded_lines": 0, "percent_statements_covered": 100.0, "percent_statements_covered_display": "100"}, "missing_lines": [], "excluded_lines": [], "start_line": 194}, "TreeMessageProvider.get_context": {"executed_lines": [207, 208, 210, 211], "summary": {"covered_lines": 4, "num_statements": 5, "percent_covered": 80.0, "percent_covered_display": "80", "missing_lines": 1, "excluded_lines": 0, "percent_statements_covered": 80.0, "percent_statements_covered_display": "80"}, "missing_lines": [209], "excluded_lines": [], "start_line": 206}, "TreeMessageProvider.append": {"executed_lines": [214], "summary": {"covered_lines": 1, "num_statements": 1, "percent_covered": 100.0, "percent_covered_display": "100", "missing_lines": 0, "excluded_lines": 0, "percent_statements_covered": 100.0, "percent_statements_covered_display": "100"}, "missing_lines": [], "excluded_lines": [], "start_line": 213}, "TreeMessageProvider.append_entry": {"executed_lines": [226, 227, 228, 229, 230], "summary": {"covered_lines": 5, "num_statements": 5, "percent_covered": 100.0, "percent_covered_display": "100", "missing_lines": 0, "excluded_lines": 0, "percent_statements_covered": 100.0, "percent_statements_covered_display": "100"}, "missing_lines": [], "excluded_lines": [], "start_line": 219}, "EphemeralMessageProvider.__init__": {"executed_lines": [242, 243, 244, 245], "summary": {"covered_lines": 4, "num_statements": 4, "percent_covered": 100.0, "percent_covered_display": "100", "missing_lines": 0, "excluded_lines": 0, "percent_statements_covered": 100.0, "percent_statements_covered_display": "100"}, "missing_lines": [], "excluded_lines": [], "start_line": 241}, "EphemeralMessageProvider.get_context": {"executed_lines": [248], "summary": {"covered_lines": 1, "num_statements": 1, "percent_covered": 100.0, "percent_covered_display": "100", "missing_lines": 0, "excluded_lines": 0, "percent_statements_covered": 100.0, "percent_statements_covered_display": "100"}, "missing_lines": [], "excluded_lines": [], "start_line": 247}, "EphemeralMessageProvider.append": {"executed_lines": [251, 252], "summary": {"covered_lines": 2, "num_statements": 2, "percent_covered": 100.0, "percent_covered_display": "100", "missing_lines": 0, "excluded_lines": 0, "percent_statements_covered": 100.0, "percent_statements_covered_display": "100"}, "missing_lines": [], "excluded_lines": [], "start_line": 250}, "EphemeralMessageProvider.append_sync": {"executed_lines": [255], "summary": {"covered_lines": 1, "num_statements": 1, "percent_covered": 100.0, "percent_covered_display": "100", "missing_lines": 0, "excluded_lines": 0, "percent_statements_covered": 100.0, "percent_statements_covered_display": "100"}, "missing_lines": [], "excluded_lines": [], "start_line": 254}, "": {"executed_lines": [11, 13, 15, 16, 17, 23, 26, 31, 39, 76, 100, 111, 174, 191, 194, 206, 213, 219, 233, 241, 247, 250, 254], "summary": {"covered_lines": 23, "num_statements": 23, "percent_covered": 100.0, "percent_covered_display": "100", "missing_lines": 0, "excluded_lines": 5, "percent_statements_covered": 100.0, "percent_statements_covered_display": "100"}, "missing_lines": [], "excluded_lines": [28, 30, 34, 35, 36], "start_line": 1}}, "classes": {"MessageProvider": {"executed_lines": [], "summary": {"covered_lines": 0, "num_statements": 0, "percent_covered": 100.0, "percent_covered_display": "100", "missing_lines": 0, "excluded_lines": 2, "percent_statements_covered": 100.0, "percent_statements_covered_display": "100"}, "missing_lines": [], "excluded_lines": [29, 33], "start_line": 26}, "TreeMessageProvider": {"executed_lines": [201, 202, 203, 204, 207, 208, 210, 211, 214, 226, 227, 228, 229, 230], "summary": {"covered_lines": 14, "num_statements": 15, "percent_covered": 93.33333333333333, "percent_covered_display": "93", "missing_lines": 1, "excluded_lines": 0, "percent_statements_covered": 93.33333333333333, "percent_statements_covered_display": "93"}, "missing_lines": [209], "excluded_lines": [], "start_line": 191}, "EphemeralMessageProvider": {"executed_lines": [242, 243, 244, 245, 248, 251, 252, 255], "summary": {"covered_lines": 8, "num_statements": 8, "percent_covered": 100.0, "percent_covered_display": "100", "missing_lines": 0, "excluded_lines": 0, "percent_statements_covered": 100.0, "percent_statements_covered_display": "100"}, "missing_lines": [], "excluded_lines": [], "start_line": 233}, "": {"executed_lines": [11, 13, 15, 16, 17, 23, 26, 31, 39, 41, 42, 44, 45, 46, 48, 49, 50, 51, 52, 58, 69, 76, 84, 87, 88, 89, 90, 97, 100, 102, 103, 104, 105, 107, 108, 111, 119, 120, 121, 123, 130, 131, 132, 134, 135, 138, 142, 143, 144, 145, 146, 147, 149, 150, 151, 155, 156, 157, 158, 159, 161, 165, 166, 168, 169, 171, 174, 176, 177, 178, 179, 180, 181, 184, 185, 191, 194, 206, 213, 219, 233, 241, 247, 250, 254], "summary": {"covered_lines": 85, "num_statements": 104, "percent_covered": 81.73076923076923, "percent_covered_display": "82", "missing_lines": 19, "excluded_lines": 5, "percent_statements_covered": 81.73076923076923, "percent_statements_covered_display": "82"}, "missing_lines": [55, 56, 62, 63, 64, 67, 85, 125, 126, 127, 128, 136, 137, 139, 140, 152, 153, 162, 163], "excluded_lines": [28, 30, 34, 35, 36], "start_line": 1}}}, "src\\agent\\state.py": {"executed_lines": [6, 8, 9, 10, 11, 14, 15, 16, 17, 18, 19, 20, 21, 24, 25, 28, 29, 30, 31, 32, 33, 34, 37, 38, 46, 47, 48, 49, 50, 51, 52, 53, 54], "summary": {"covered_lines": 33, "num_statements": 33, "percent_covered": 100.0, "percent_covered_display": "100", "missing_lines": 0, "excluded_lines": 0, "percent_statements_covered": 100.0, "percent_statements_covered_display": "100"}, "missing_lines": [], "excluded_lines": [], "functions": {"": {"executed_lines": [6, 8, 9, 10, 11, 14, 15, 16, 17, 18, 19, 20, 21, 24, 25, 28, 29, 30, 31, 32, 33, 34, 37, 38, 46, 47, 48, 49, 50, 51, 52, 53, 54], "summary": {"covered_lines": 33, "num_statements": 33, "percent_covered": 100.0, "percent_covered_display": "100", "missing_lines": 0, "excluded_lines": 0, "percent_statements_covered": 100.0, "percent_statements_covered_display": "100"}, "missing_lines": [], "excluded_lines": [], "start_line": 1}}, "classes": {"AgentState": {"executed_lines": [], "summary": {"covered_lines": 0, "num_statements": 0, "percent_covered": 100.0, "percent_covered_display": "100", "missing_lines": 0, "excluded_lines": 0, "percent_statements_covered": 100.0, "percent_statements_covered_display": "100"}, "missing_lines": [], "excluded_lines": [], "start_line": 14}, "RunContext": {"executed_lines": [], "summary": {"covered_lines": 0, "num_statements": 0, "percent_covered": 100.0, "percent_covered_display": "100", "missing_lines": 0, "excluded_lines": 0, "percent_statements_covered": 100.0, "percent_statements_covered_display": "100"}, "missing_lines": [], "excluded_lines": [], "start_line": 25}, "RunResult": {"executed_lines": [], "summary": {"covered_lines": 0, "num_statements": 0, "percent_covered": 100.0, "percent_covered_display": "100", "missing_lines": 0, "excluded_lines": 0, "percent_statements_covered": 100.0, "percent_statements_covered_display": "100"}, "missing_lines": [], "excluded_lines": [], "start_line": 38}, "": {"executed_lines": [6, 8, 9, 10, 11, 14, 15, 16, 17, 18, 19, 20, 21, 24, 25, 28, 29, 30, 31, 32, 33, 34, 37, 38, 46, 47, 48, 49, 50, 51, 52, 53, 54], "summary": {"covered_lines": 33, "num_statements": 33, "percent_covered": 100.0, "percent_covered_display": "100", "missing_lines": 0, "excluded_lines": 0, "percent_statements_covered": 100.0, "percent_statements_covered_display": "100"}, "missing_lines": [], "excluded_lines": [], "start_line": 1}}}, "src\\api\\__init__.py": {"executed_lines": [], "summary": {"covered_lines": 0, "num_statements": 0, "percent_covered": 100.0, "percent_covered_display": "100", "missing_lines": 0, "excluded_lines": 0, "percent_statements_covered": 100.0, "percent_statements_covered_display": "100"}, "missing_lines": [], "excluded_lines": [], "functions": {"": {"executed_lines": [], "summary": {"covered_lines": 0, "num_statements": 0, "percent_covered": 100.0, "percent_covered_display": "100", "missing_lines": 0, "excluded_lines": 0, "percent_statements_covered": 100.0, "percent_statements_covered_display": "100"}, "missing_lines": [], "excluded_lines": [], "start_line": 1}}, "classes": {"": {"executed_lines": [], "summary": {"covered_lines": 0, "num_statements": 0, "percent_covered": 100.0, "percent_covered_display": "100", "missing_lines": 0, "excluded_lines": 0, "percent_statements_covered": 100.0, "percent_statements_covered_display": "100"}, "missing_lines": [], "excluded_lines": [], "start_line": 1}}}, "src\\api\\routes.py": {"executed_lines": [9, 11, 13, 19, 20, 22, 25, 26, 29, 30, 31, 32, 38, 44, 45, 49, 50, 53, 54, 55, 58, 59, 61, 64, 65, 66, 67, 73, 74, 75, 76, 82, 83, 88, 89, 90, 91, 92, 95, 96, 99, 100, 103, 104, 105, 106, 109, 110, 114, 115, 116, 119, 120, 126, 127, 128, 135, 141, 142, 145, 146], "summary": {"covered_lines": 61, "num_statements": 62, "percent_covered": 98.38709677419355, "percent_covered_display": "98", "missing_lines": 1, "excluded_lines": 0, "percent_statements_covered": 98.38709677419355, "percent_statements_covered_display": "98"}, "missing_lines": [129], "excluded_lines": [], "functions": {"get_manager": {"executed_lines": [26], "summary": {"covered_lines": 1, "num_statements": 1, "percent_covered": 100.0, "percent_covered_display": "100", "missing_lines": 0, "excluded_lines": 0, "percent_statements_covered": 100.0, "percent_statements_covered_display": "100"}, "missing_lines": [], "excluded_lines": [], "start_line": 25}, "_require_session": {"executed_lines": [30, 31, 32, 38], "summary": {"covered_lines": 4, "num_statements": 4, "percent_covered": 100.0, "percent_covered_display": "100", "missing_lines": 0, "excluded_lines": 0, "percent_statements_covered": 100.0, "percent_statements_covered_display": "100"}, "missing_lines": [], "excluded_lines": [], "start_line": 29}, "create_session": {"executed_lines": [49, 50], "summary": {"covered_lines": 2, "num_statements": 2, "percent_covered": 100.0, "percent_covered_display": "100", "missing_lines": 0, "excluded_lines": 0, "percent_statements_covered": 100.0, "percent_statements_covered_display": "100"}, "missing_lines": [], "excluded_lines": [], "start_line": 45}, "list_sessions": {"executed_lines": [55], "summary": {"covered_lines": 1, "num_statements": 1, "percent_covered": 100.0, "percent_covered_display": "100", "missing_lines": 0, "excluded_lines": 0, "percent_statements_covered": 100.0, "percent_statements_covered_display": "100"}, "missing_lines": [], "excluded_lines": [], "start_line": 54}, "get_session": {"executed_lines": [61], "summary": {"covered_lines": 1, "num_statements": 1, "percent_covered": 100.0, "percent_covered_display": "100", "missing_lines": 0, "excluded_lines": 0, "percent_statements_covered": 100.0, "percent_statements_covered_display": "100"}, "missing_lines": [], "excluded_lines": [], "start_line": 59}, "delete_session": {"executed_lines": [66, 67], "summary": {"covered_lines": 2, "num_statements": 2, "percent_covered": 100.0, "percent_covered_display": "100", "missing_lines": 0, "excluded_lines": 0, "percent_statements_covered": 100.0, "percent_statements_covered_display": "100"}, "missing_lines": [], "excluded_lines": [], "start_line": 65}, "list_lanes": {"executed_lines": [75, 76], "summary": {"covered_lines": 2, "num_statements": 2, "percent_covered": 100.0, "percent_covered_display": "100", "missing_lines": 0, "excluded_lines": 0, "percent_statements_covered": 100.0, "percent_statements_covered_display": "100"}, "missing_lines": [], "excluded_lines": [], "start_line": 74}, "create_lane": {"executed_lines": [88, 89, 90, 91, 92, 95, 96], "summary": {"covered_lines": 7, "num_statements": 7, "percent_covered": 100.0, "percent_covered_display": "100", "missing_lines": 0, "excluded_lines": 0, "percent_statements_covered": 100.0, "percent_statements_covered_display": "100"}, "missing_lines": [], "excluded_lines": [], "start_line": 83}, "switch_lane": {"executed_lines": [103, 104, 105, 106], "summary": {"covered_lines": 4, "num_statements": 4, "percent_covered": 100.0, "percent_covered_display": "100", "missing_lines": 0, "excluded_lines": 0, "percent_statements_covered": 100.0, "percent_statements_covered_display": "100"}, "missing_lines": [], "excluded_lines": [], "start_line": 100}, "delete_lane": {"executed_lines": [114, 115, 116], "summary": {"covered_lines": 3, "num_statements": 3, "percent_covered": 100.0, "percent_covered_display": "100", "missing_lines": 0, "excluded_lines": 0, "percent_statements_covered": 100.0, "percent_statements_covered_display": "100"}, "missing_lines": [], "excluded_lines": [], "start_line": 110}, "compare_lanes": {"executed_lines": [126, 127, 128, 135], "summary": {"covered_lines": 4, "num_statements": 5, "percent_covered": 80.0, "percent_covered_display": "80", "missing_lines": 1, "excluded_lines": 0, "percent_statements_covered": 80.0, "percent_statements_covered_display": "80"}, "missing_lines": [129], "excluded_lines": [], "start_line": 120}, "permission_audit": {"executed_lines": [145, 146], "summary": {"covered_lines": 2, "num_statements": 2, "percent_covered": 100.0, "percent_covered_display": "100", "missing_lines": 0, "excluded_lines": 0, "percent_statements_covered": 100.0, "percent_statements_covered_display": "100"}, "missing_lines": [], "excluded_lines": [], "start_line": 142}, "": {"executed_lines": [9, 11, 13, 19, 20, 22, 25, 29, 44, 45, 53, 54, 58, 59, 64, 65, 73, 74, 82, 83, 99, 100, 109, 110, 119, 120, 141, 142], "summary": {"covered_lines": 28, "num_statements": 28, "percent_covered": 100.0, "percent_covered_display": "100", "missing_lines": 0, "excluded_lines": 0, "percent_statements_covered": 100.0, "percent_statements_covered_display": "100"}, "missing_lines": [], "excluded_lines": [], "start_line": 1}}, "classes": {"": {"executed_lines": [9, 11, 13, 19, 20, 22, 25, 26, 29, 30, 31, 32, 38, 44, 45, 49, 50, 53, 54, 55, 58, 59, 61, 64, 65, 66, 67, 73, 74, 75, 76, 82, 83, 88, 89, 90, 91, 92, 95, 96, 99, 100, 103, 104, 105, 106, 109, 110, 114, 115, 116, 119, 120, 126, 127, 128, 135, 141, 142, 145, 146], "summary": {"covered_lines": 61, "num_statements": 62, "percent_covered": 98.38709677419355, "percent_covered_display": "98", "missing_lines": 1, "excluded_lines": 0, "percent_statements_covered": 98.38709677419355, "percent_statements_covered_display": "98"}, "missing_lines": [129], "excluded_lines": [], "start_line": 1}}}, "src\\api\\schemas.py": {"executed_lines": [9, 11, 13, 18, 21, 22, 28, 29, 30, 31, 34, 35, 36, 37, 40, 43, 44, 50, 51, 52, 55, 56, 57, 58, 61, 62, 63, 64, 65, 66, 69, 70, 71, 72, 73, 76, 77, 78, 79, 82, 83, 84, 87, 88, 89, 92, 93, 99, 100, 103, 104, 105, 106, 112, 113, 114, 115, 118, 119], "summary": {"covered_lines": 59, "num_statements": 59, "percent_covered": 100.0, "percent_covered_display": "100", "missing_lines": 0, "excluded_lines": 0, "percent_statements_covered": 100.0, "percent_statements_covered_display": "100"}, "missing_lines": [], "excluded_lines": [], "functions": {"": {"executed_lines": [9, 11, 13, 18, 21, 22, 28, 29, 30, 31, 34, 35, 36, 37, 40, 43, 44, 50, 51, 52, 55, 56, 57, 58, 61, 62, 63, 64, 65, 66, 69, 70, 71, 72, 73, 76, 77, 78, 79, 82, 83, 84, 87, 88, 89, 92, 93, 99, 100, 103, 104, 105, 106, 112, 113, 114, 115, 118, 119], "summary": {"covered_lines": 59, "num_statements": 59, "percent_covered": 100.0, "percent_covered_display": "100", "missing_lines": 0, "excluded_lines": 0, "percent_statements_covered": 100.0, "percent_statements_covered_display": "100"}, "missing_lines": [], "excluded_lines": [], "start_line": 1}}, "classes": {"WSEnvelope": {"executed_lines": [], "summary": {"covered_lines": 0, "num_statements": 0, "percent_covered": 100.0, "percent_covered_display": "100", "missing_lines": 0, "excluded_lines": 0, "percent_statements_covered": 100.0, "percent_statements_covered_display": "100"}, "missing_lines": [], "excluded_lines": [], "start_line": 18}, "SendMessageIn": {"executed_lines": [], "summary": {"covered_lines": 0, "num_statements": 0, "percent_covered": 100.0, "percent_covered_display": "100", "missing_lines": 0, "excluded_lines": 0, "percent_statements_covered": 100.0, "percent_statements_covered_display": "100"}, "missing_lines": [], "excluded_lines": [], "start_line": 28}, "PermissionResponseIn": {"executed_lines": [], "summary": {"covered_lines": 0, "num_statements": 0, "percent_covered": 100.0, "percent_covered_display": "100", "missing_lines": 0, "excluded_lines": 0, "percent_statements_covered": 100.0, "percent_statements_covered_display": "100"}, "missing_lines": [], "excluded_lines": [], "start_line": 34}, "InterruptRunIn": {"executed_lines": [], "summary": {"covered_lines": 0, "num_statements": 0, "percent_covered": 100.0, "percent_covered_display": "100", "missing_lines": 0, "excluded_lines": 0, "percent_statements_covered": 100.0, "percent_statements_covered_display": "100"}, "missing_lines": [], "excluded_lines": [], "start_line": 40}, "TextDeltaData": {"executed_lines": [], "summary": {"covered_lines": 0, "num_statements": 0, "percent_covered": 100.0, "percent_covered_display": "100", "missing_lines": 0, "excluded_lines": 0, "percent_statements_covered": 100.0, "percent_statements_covered_display": "100"}, "missing_lines": [], "excluded_lines": [], "start_line": 50}, "ToolCallEndData": {"executed_lines": [], "summary": {"covered_lines": 0, "num_statements": 0, "percent_covered": 100.0, "percent_covered_display": "100", "missing_lines": 0, "excluded_lines": 0, "percent_statements_covered": 100.0, "percent_statements_covered_display": "100"}, "missing_lines": [], "excluded_lines": [], "start_line": 55}, "PermissionRequestData": {"executed_lines": [], "summary": {"covered_lines": 0, "num_statements": 0, "percent_covered": 100.0, "percent_covered_display": "100", "missing_lines": 0, "excluded_lines": 0, "percent_statements_covered": 100.0, "percent_statements_covered_display": "100"}, "missing_lines": [], "excluded_lines": [], "start_line": 61}, "SubagentDoneData": {"executed_lines": [], "summary": {"covered_lines": 0, "num_statements": 0, "percent_covered": 100.0, "percent_covered_display": "100", "missing_lines": 0, "excluded_lines": 0, "percent_statements_covered": 100.0, "percent_statements_covered_display": "100"}, "missing_lines": [], "excluded_lines": [], "start_line": 69}, "StatusUpdateData": {"executed_lines": [], "summary": {"covered_lines": 0, "num_statements": 0, "percent_covered": 100.0, "percent_covered_display": "100", "missing_lines": 0, "excluded_lines": 0, "percent_statements_covered": 100.0, "percent_statements_covered_display": "100"}, "missing_lines": [], "excluded_lines": [], "start_line": 76}, "LaneCreatedData": {"executed_lines": [], "summary": {"covered_lines": 0, "num_statements": 0, "percent_covered": 100.0, "percent_covered_display": "100", "missing_lines": 0, "excluded_lines": 0, "percent_statements_covered": 100.0, "percent_statements_covered_display": "100"}, "missing_lines": [], "excluded_lines": [], "start_line": 82}, "LaneSwitchedData": {"executed_lines": [], "summary": {"covered_lines": 0, "num_statements": 0, "percent_covered": 100.0, "percent_covered_display": "100", "missing_lines": 0, "excluded_lines": 0, "percent_statements_covered": 100.0, "percent_statements_covered_display": "100"}, "missing_lines": [], "excluded_lines": [], "start_line": 87}, "LaneDeletedData": {"executed_lines": [], "summary": {"covered_lines": 0, "num_statements": 0, "percent_covered": 100.0, "percent_covered_display": "100", "missing_lines": 0, "excluded_lines": 0, "percent_statements_covered": 100.0, "percent_statements_covered_display": "100"}, "missing_lines": [], "excluded_lines": [], "start_line": 92}, "CreateSessionIn": {"executed_lines": [], "summary": {"covered_lines": 0, "num_statements": 0, "percent_covered": 100.0, "percent_covered_display": "100", "missing_lines": 0, "excluded_lines": 0, "percent_statements_covered": 100.0, "percent_statements_covered_display": "100"}, "missing_lines": [], "excluded_lines": [], "start_line": 99}, "CreateLaneIn": {"executed_lines": [], "summary": {"covered_lines": 0, "num_statements": 0, "percent_covered": 100.0, "percent_covered_display": "100", "missing_lines": 0, "excluded_lines": 0, "percent_statements_covered": 100.0, "percent_statements_covered_display": "100"}, "missing_lines": [], "excluded_lines": [], "start_line": 103}, "ErrorBody": {"executed_lines": [], "summary": {"covered_lines": 0, "num_statements": 0, "percent_covered": 100.0, "percent_covered_display": "100", "missing_lines": 0, "excluded_lines": 0, "percent_statements_covered": 100.0, "percent_statements_covered_display": "100"}, "missing_lines": [], "excluded_lines": [], "start_line": 112}, "ErrorResponse": {"executed_lines": [], "summary": {"covered_lines": 0, "num_statements": 0, "percent_covered": 100.0, "percent_covered_display": "100", "missing_lines": 0, "excluded_lines": 0, "percent_statements_covered": 100.0, "percent_statements_covered_display": "100"}, "missing_lines": [], "excluded_lines": [], "start_line": 118}, "": {"executed_lines": [9, 11, 13, 18, 21, 22, 28, 29, 30, 31, 34, 35, 36, 37, 40, 43, 44, 50, 51, 52, 55, 56, 57, 58, 61, 62, 63, 64, 65, 66, 69, 70, 71, 72, 73, 76, 77, 78, 79, 82, 83, 84, 87, 88, 89, 92, 93, 99, 100, 103, 104, 105, 106, 112, 113, 114, 115, 118, 119], "summary": {"covered_lines": 59, "num_statements": 59, "percent_covered": 100.0, "percent_covered_display": "100", "missing_lines": 0, "excluded_lines": 0, "percent_statements_covered": 100.0, "percent_statements_covered_display": "100"}, "missing_lines": [], "excluded_lines": [], "start_line": 1}}}, "src\\api\\session_service.py": {"executed_lines": [10, 12, 13, 14, 15, 16, 18, 19, 20, 21, 22, 23, 24, 25, 26, 27, 28, 30, 32, 35, 39, 42, 43, 44, 45, 46, 47, 48, 49, 50, 51, 52, 53, 54, 56, 65, 66, 67, 68, 70, 71, 73, 74, 75, 76, 78, 79, 84, 85, 86, 88, 115, 117, 118, 119, 123, 128, 135, 136, 137, 139, 168, 192, 194, 195, 205, 208, 209, 210, 212, 213, 214, 216, 217, 218, 220, 223, 225, 226, 227, 228, 229, 230, 233, 235, 236, 238, 239, 242, 243, 251, 253, 255, 256, 257, 258], "summary": {"covered_lines": 96, "num_statements": 132, "percent_covered": 72.72727272727273, "percent_covered_display": "73", "missing_lines": 36, "excluded_lines": 0, "percent_statements_covered": 72.72727272727273, "percent_statements_covered_display": "73"}, "missing_lines": [72, 80, 81, 82, 83, 96, 97, 98, 100, 110, 111, 113, 120, 121, 129, 130, 131, 140, 141, 151, 157, 170, 171, 173, 174, 175, 177, 178, 179, 180, 188, 215, 221, 231, 237, 244], "excluded_lines": [], "functions": {"SessionRuntime.__init__": {"executed_lines": [43, 44, 45, 46, 47, 48, 49, 50, 51, 52, 53, 54, 56], "summary": {"covered_lines": 13, "num_statements": 13, "percent_covered": 100.0, "percent_covered_display": "100", "missing_lines": 0, "excluded_lines": 0, "percent_statements_covered": 100.0, "percent_statements_covered_display": "100"}, "missing_lines": [], "excluded_lines": [], "start_line": 42}, "SessionRuntime.set_emitter": {"executed_lines": [66, 67, 68], "summary": {"covered_lines": 3, "num_statements": 3, "percent_covered": 100.0, "percent_covered_display": "100", "missing_lines": 0, "excluded_lines": 0, "percent_statements_covered": 100.0, "percent_statements_covered_display": "100"}, "missing_lines": [], "excluded_lines": [], "start_line": 65}, "SessionRuntime.clear_emitter": {"executed_lines": [71, 73, 74, 75, 76], "summary": {"covered_lines": 5, "num_statements": 6, "percent_covered": 83.33333333333333, "percent_covered_display": "83", "missing_lines": 1, "excluded_lines": 0, "percent_statements_covered": 83.33333333333333, "percent_statements_covered_display": "83"}, "missing_lines": [72], "excluded_lines": [], "start_line": 70}, "SessionRuntime.emit": {"executed_lines": [79, 84, 85, 86], "summary": {"covered_lines": 4, "num_statements": 8, "percent_covered": 50.0, "percent_covered_display": "50", "missing_lines": 4, "excluded_lines": 0, "percent_statements_covered": 50.0, "percent_statements_covered_display": "50"}, "missing_lines": [80, 81, 82, 83], "excluded_lines": [], "start_line": 78}, "SessionRuntime._ask_user": {"executed_lines": [], "summary": {"covered_lines": 0, "num_statements": 7, "percent_covered": 0.0, "percent_covered_display": "0", "missing_lines": 7, "excluded_lines": 0, "percent_statements_covered": 0.0, "percent_statements_covered_display": "0"}, "missing_lines": [96, 97, 98, 100, 110, 111, 113], "excluded_lines": [], "start_line": 88}, "SessionRuntime.resolve_permission": {"executed_lines": [117, 118, 119], "summary": {"covered_lines": 3, "num_statements": 5, "percent_covered": 60.0, "percent_covered_display": "60", "missing_lines": 2, "excluded_lines": 0, "percent_statements_covered": 60.0, "percent_statements_covered_display": "60"}, "missing_lines": [120, 121], "excluded_lines": [], "start_line": 115}, "SessionRuntime.fail_pending_permissions": {"executed_lines": [128], "summary": {"covered_lines": 1, "num_statements": 4, "percent_covered": 25.0, "percent_covered_display": "25", "missing_lines": 3, "excluded_lines": 0, "percent_statements_covered": 25.0, "percent_statements_covered_display": "25"}, "missing_lines": [129, 130, 131], "excluded_lines": [], "start_line": 123}, "SessionRuntime.is_running": {"executed_lines": [137], "summary": {"covered_lines": 1, "num_statements": 1, "percent_covered": 100.0, "percent_covered_display": "100", "missing_lines": 0, "excluded_lines": 0, "percent_statements_covered": 100.0, "percent_statements_covered_display": "100"}, "missing_lines": [], "excluded_lines": [], "start_line": 136}, "SessionRuntime.build_agent": {"executed_lines": [], "summary": {"covered_lines": 0, "num_statements": 4, "percent_covered": 0.0, "percent_covered_display": "0", "missing_lines": 4, "excluded_lines": 0, "percent_statements_covered": 0.0, "percent_statements_covered_display": "0"}, "missing_lines": [140, 141, 151, 157], "excluded_lines": [], "start_line": 139}, "SessionRuntime.run": {"executed_lines": [], "summary": {"covered_lines": 0, "num_statements": 10, "percent_covered": 0.0, "percent_covered_display": "0", "missing_lines": 10, "excluded_lines": 0, "percent_statements_covered": 0.0, "percent_statements_covered_display": "0"}, "missing_lines": [170, 171, 173, 174, 175, 177, 178, 179, 180, 188], "excluded_lines": [], "start_line": 168}, "SessionRuntime.snapshot": {"executed_lines": [194, 195], "summary": {"covered_lines": 2, "num_statements": 2, "percent_covered": 100.0, "percent_covered_display": "100", "missing_lines": 0, "excluded_lines": 0, "percent_statements_covered": 100.0, "percent_statements_covered_display": "100"}, "missing_lines": [], "excluded_lines": [], "start_line": 192}, "SessionManager.__init__": {"executed_lines": [209, 210], "summary": {"covered_lines": 2, "num_statements": 2, "percent_covered": 100.0, "percent_covered_display": "100", "missing_lines": 0, "excluded_lines": 0, "percent_statements_covered": 100.0, "percent_statements_covered_display": "100"}, "missing_lines": [], "excluded_lines": [], "start_line": 208}, "SessionManager.create": {"executed_lines": [213, 214, 216, 217, 218], "summary": {"covered_lines": 5, "num_statements": 6, "percent_covered": 83.33333333333333, "percent_covered_display": "83", "missing_lines": 1, "excluded_lines": 0, "percent_statements_covered": 83.33333333333333, "percent_statements_covered_display": "83"}, "missing_lines": [215], "excluded_lines": [], "start_line": 212}, "SessionManager.get": {"executed_lines": [], "summary": {"covered_lines": 0, "num_statements": 1, "percent_covered": 0.0, "percent_covered_display": "0", "missing_lines": 1, "excluded_lines": 0, "percent_statements_covered": 0.0, "percent_statements_covered_display": "0"}, "missing_lines": [221], "excluded_lines": [], "start_line": 220}, "SessionManager.get_or_load": {"executed_lines": [225, 226, 227, 228, 229, 230], "summary": {"covered_lines": 6, "num_statements": 7, "percent_covered": 85.71428571428571, "percent_covered_display": "86", "missing_lines": 1, "excluded_lines": 0, "percent_statements_covered": 85.71428571428571, "percent_statements_covered_display": "86"}, "missing_lines": [231], "excluded_lines": [], "start_line": 223}, "SessionManager.list_sessions": {"executed_lines": [235, 236, 238, 239, 242, 243, 251], "summary": {"covered_lines": 7, "num_statements": 9, "percent_covered": 77.77777777777777, "percent_covered_display": "78", "missing_lines": 2, "excluded_lines": 0, "percent_statements_covered": 77.77777777777777, "percent_statements_covered_display": "78"}, "missing_lines": [237, 244], "excluded_lines": [], "start_line": 233}, "SessionManager.delete": {"executed_lines": [255, 256, 257, 258], "summary": {"covered_lines": 4, "num_statements": 4, "percent_covered": 100.0, "percent_covered_display": "100", "missing_lines": 0, "excluded_lines": 0, "percent_statements_covered": 100.0, "percent_statements_covered_display": "100"}, "missing_lines": [], "excluded_lines": [], "start_line": 253}, "": {"executed_lines": [10, 12, 13, 14, 15, 16, 18, 19, 20, 21, 22, 23, 24, 25, 26, 27, 28, 30, 32, 35, 39, 42, 65, 70, 78, 88, 115, 123, 135, 136, 139, 168, 192, 205, 208, 212, 220, 223, 233, 253], "summary": {"covered_lines": 40, "num_statements": 40, "percent_covered": 100.0, "percent_covered_display": "100", "missing_lines": 0, "excluded_lines": 0, "percent_statements_covered": 100.0, "percent_statements_covered_display": "100"}, "missing_lines": [], "excluded_lines": [], "start_line": 1}}, "classes": {"SessionBusyError": {"executed_lines": [], "summary": {"covered_lines": 0, "num_statements": 0, "percent_covered": 100.0, "percent_covered_display": "100", "missing_lines": 0, "excluded_lines": 0, "percent_statements_covered": 100.0, "percent_statements_covered_display": "100"}, "missing_lines": [], "excluded_lines": [], "start_line": 35}, "SessionRuntime": {"executed_lines": [43, 44, 45, 46, 47, 48, 49, 50, 51, 52, 53, 54, 56, 66, 67, 68, 71, 73, 74, 75, 76, 79, 84, 85, 86, 117, 118, 119, 128, 137, 194, 195], "summary": {"covered_lines": 32, "num_statements": 63, "percent_covered": 50.79365079365079, "percent_covered_display": "51", "missing_lines": 31, "excluded_lines": 0, "percent_statements_covered": 50.79365079365079, "percent_statements_covered_display": "51"}, "missing_lines": [72, 80, 81, 82, 83, 96, 97, 98, 100, 110, 111, 113, 120, 121, 129, 130, 131, 140, 141, 151, 157, 170, 171, 173, 174, 175, 177, 178, 179, 180, 188], "excluded_lines": [], "start_line": 39}, "SessionManager": {"executed_lines": [209, 210, 213, 214, 216, 217, 218, 225, 226, 227, 228, 229, 230, 235, 236, 238, 239, 242, 243, 251, 255, 256, 257, 258], "summary": {"covered_lines": 24, "num_statements": 29, "percent_covered": 82.75862068965517, "percent_covered_display": "83", "missing_lines": 5, "excluded_lines": 0, "percent_statements_covered": 82.75862068965517, "percent_statements_covered_display": "83"}, "missing_lines": [215, 221, 231, 237, 244], "excluded_lines": [], "start_line": 205}, "": {"executed_lines": [10, 12, 13, 14, 15, 16, 18, 19, 20, 21, 22, 23, 24, 25, 26, 27, 28, 30, 32, 35, 39, 42, 65, 70, 78, 88, 115, 123, 135, 136, 139, 168, 192, 205, 208, 212, 220, 223, 233, 253], "summary": {"covered_lines": 40, "num_statements": 40, "percent_covered": 100.0, "percent_covered_display": "100", "missing_lines": 0, "excluded_lines": 0, "percent_statements_covered": 100.0, "percent_statements_covered_display": "100"}, "missing_lines": [], "excluded_lines": [], "start_line": 1}}}, "src\\api\\ws.py": {"executed_lines": [1, 3, 4, 5, 6, 8, 9, 11, 12, 13, 15, 17, 20, 21, 22, 23, 24, 25, 27, 28, 29, 30, 39, 40, 42, 43, 48, 49, 50, 51, 52, 53, 64, 66, 68, 69, 72, 73, 75, 76, 77, 78, 80, 81, 84, 85, 86, 87, 88, 92, 94, 95, 113, 114, 115, 120, 121, 122, 125, 131, 132, 137, 138, 139, 150], "summary": {"covered_lines": 65, "num_statements": 94, "percent_covered": 69.14893617021276, "percent_covered_display": "69", "missing_lines": 29, "excluded_lines": 0, "percent_statements_covered": 69.14893617021276, "percent_statements_covered_display": "69"}, "missing_lines": [54, 55, 56, 57, 58, 60, 61, 62, 65, 67, 96, 97, 105, 106, 107, 116, 117, 118, 136, 140, 141, 142, 143, 144, 145, 146, 147, 151, 152], "excluded_lines": [], "functions": {"websocket_endpoint": {"executed_lines": [22, 23, 24, 25, 27, 28, 29, 30, 39, 40, 42, 43, 48, 49, 50, 51, 52, 53, 64, 66, 68, 69], "summary": {"covered_lines": 22, "num_statements": 32, "percent_covered": 68.75, "percent_covered_display": "69", "missing_lines": 10, "excluded_lines": 0, "percent_statements_covered": 68.75, "percent_statements_covered_display": "69"}, "missing_lines": [54, 55, 56, 57, 58, 60, 61, 62, 65, 67], "excluded_lines": [], "start_line": 21}, "_handle_message": {"executed_lines": [73, 75, 76, 77, 78, 80, 81], "summary": {"covered_lines": 7, "num_statements": 7, "percent_covered": 100.0, "percent_covered_display": "100", "missing_lines": 0, "excluded_lines": 0, "percent_statements_covered": 100.0, "percent_statements_covered_display": "100"}, "missing_lines": [], "excluded_lines": [], "start_line": 72}, "_handle_send_message": {"executed_lines": [85, 86, 87, 88, 92, 94, 95], "summary": {"covered_lines": 7, "num_statements": 12, "percent_covered": 58.333333333333336, "percent_covered_display": "58", "missing_lines": 5, "excluded_lines": 0, "percent_statements_covered": 58.333333333333336, "percent_statements_covered_display": "58"}, "missing_lines": [96, 97, 105, 106, 107], "excluded_lines": [], "start_line": 84}, "_handle_permission_response": {"executed_lines": [114, 115, 120, 121, 122], "summary": {"covered_lines": 5, "num_statements": 8, "percent_covered": 62.5, "percent_covered_display": "62", "missing_lines": 3, "excluded_lines": 0, "percent_statements_covered": 62.5, "percent_statements_covered_display": "62"}, "missing_lines": [116, 117, 118], "excluded_lines": [], "start_line": 113}, "_emit": {"executed_lines": [131, 132, 137, 138, 139], "summary": {"covered_lines": 5, "num_statements": 14, "percent_covered": 35.714285714285715, "percent_covered_display": "36", "missing_lines": 9, "excluded_lines": 0, "percent_statements_covered": 35.714285714285715, "percent_statements_covered_display": "36"}, "missing_lines": [136, 140, 141, 142, 143, 144, 145, 146, 147], "excluded_lines": [], "start_line": 125}, "_is_closed_socket_error": {"executed_lines": [], "summary": {"covered_lines": 0, "num_statements": 2, "percent_covered": 0.0, "percent_covered_display": "0", "missing_lines": 2, "excluded_lines": 0, "percent_statements_covered": 0.0, "percent_statements_covered_display": "0"}, "missing_lines": [151, 152], "excluded_lines": [], "start_line": 150}, "": {"executed_lines": [1, 3, 4, 5, 6, 8, 9, 11, 12, 13, 15, 17, 20, 21, 72, 84, 113, 125, 150], "summary": {"covered_lines": 19, "num_statements": 19, "percent_covered": 100.0, "percent_covered_display": "100", "missing_lines": 0, "excluded_lines": 0, "percent_statements_covered": 100.0, "percent_statements_covered_display": "100"}, "missing_lines": [], "excluded_lines": [], "start_line": 1}}, "classes": {"": {"executed_lines": [1, 3, 4, 5, 6, 8, 9, 11, 12, 13, 15, 17, 20, 21, 22, 23, 24, 25, 27, 28, 29, 30, 39, 40, 42, 43, 48, 49, 50, 51, 52, 53, 64, 66, 68, 69, 72, 73, 75, 76, 77, 78, 80, 81, 84, 85, 86, 87, 88, 92, 94, 95, 113, 114, 115, 120, 121, 122, 125, 131, 132, 137, 138, 139, 150], "summary": {"covered_lines": 65, "num_statements": 94, "percent_covered": 69.14893617021276, "percent_covered_display": "69", "missing_lines": 29, "excluded_lines": 0, "percent_statements_covered": 69.14893617021276, "percent_statements_covered_display": "69"}, "missing_lines": [54, 55, 56, 57, 58, 60, 61, 62, 65, 67, 96, 97, 105, 106, 107, 116, 117, 118, 136, 140, 141, 142, 143, 144, 145, 146, 147, 151, 152], "excluded_lines": [], "start_line": 1}}}, "src\\config.py": {"executed_lines": [3, 5, 6, 7, 8, 10, 11, 13, 18, 24, 25, 26, 27, 28, 29, 30, 31, 32, 33, 34, 36, 37, 40, 42, 45, 46, 61, 62, 63, 64, 65, 66, 67, 68, 69, 70, 71, 72, 74, 75, 76, 78, 88, 90, 110, 111, 112, 113, 114, 115, 120, 121, 122, 124, 125, 130, 131, 132, 134, 137, 138, 139, 141], "summary": {"covered_lines": 63, "num_statements": 72, "percent_covered": 87.5, "percent_covered_display": "88", "missing_lines": 9, "excluded_lines": 2, "percent_statements_covered": 87.5, "percent_statements_covered_display": "88"}, "missing_lines": [41, 43, 116, 117, 123, 126, 127, 133, 140], "excluded_lines": [14, 15], "functions": {"LLMConfig.__post_init__": {"executed_lines": [37, 40, 42], "summary": {"covered_lines": 3, "num_statements": 5, "percent_covered": 60.0, "percent_covered_display": "60", "missing_lines": 2, "excluded_lines": 0, "percent_statements_covered": 60.0, "percent_statements_covered_display": "60"}, "missing_lines": [41, 43], "excluded_lines": [], "start_line": 36}, "LLMConfig.to_client_dict": {"executed_lines": [46], "summary": {"covered_lines": 1, "num_statements": 1, "percent_covered": 100.0, "percent_covered_display": "100", "missing_lines": 0, "excluded_lines": 0, "percent_statements_covered": 100.0, "percent_statements_covered_display": "100"}, "missing_lines": [], "excluded_lines": [], "start_line": 45}, "AppConfig.from_env": {"executed_lines": [76, 78, 88, 90], "summary": {"covered_lines": 4, "num_statements": 4, "percent_covered": 100.0, "percent_covered_display": "100", "missing_lines": 0, "excluded_lines": 0, "percent_statements_covered": 100.0, "percent_statements_covered_display": "100"}, "missing_lines": [], "excluded_lines": [], "start_line": 75}, "_int_env": {"executed_lines": [111, 112, 113, 114, 115], "summary": {"covered_lines": 5, "num_statements": 7, "percent_covered": 71.42857142857143, "percent_covered_display": "71", "missing_lines": 2, "excluded_lines": 0, "percent_statements_covered": 71.42857142857143, "percent_statements_covered_display": "71"}, "missing_lines": [116, 117], "excluded_lines": [], "start_line": 110}, "_float_env": {"executed_lines": [121, 122, 124, 125], "summary": {"covered_lines": 4, "num_statements": 7, "percent_covered": 57.142857142857146, "percent_covered_display": "57", "missing_lines": 3, "excluded_lines": 0, "percent_statements_covered": 57.142857142857146, "percent_statements_covered_display": "57"}, "missing_lines": [123, 126, 127], "excluded_lines": [], "start_line": 120}, "_bool_env": {"executed_lines": [131, 132, 134], "summary": {"covered_lines": 3, "num_statements": 4, "percent_covered": 75.0, "percent_covered_display": "75", "missing_lines": 1, "excluded_lines": 0, "percent_statements_covered": 75.0, "percent_statements_covered_display": "75"}, "missing_lines": [133], "excluded_lines": [], "start_line": 130}, "_list_env": {"executed_lines": [138, 139, 141], "summary": {"covered_lines": 3, "num_statements": 4, "percent_covered": 75.0, "percent_covered_display": "75", "missing_lines": 1, "excluded_lines": 0, "percent_statements_covered": 75.0, "percent_statements_covered_display": "75"}, "missing_lines": [140], "excluded_lines": [], "start_line": 137}, "": {"executed_lines": [3, 5, 6, 7, 8, 10, 11, 13, 18, 24, 25, 26, 27, 28, 29, 30, 31, 32, 33, 34, 36, 45, 61, 62, 63, 64, 65, 66, 67, 68, 69, 70, 71, 72, 74, 75, 110, 120, 130, 137], "summary": {"covered_lines": 40, "num_statements": 40, "percent_covered": 100.0, "percent_covered_display": "100", "missing_lines": 0, "excluded_lines": 2, "percent_statements_covered": 100.0, "percent_statements_covered_display": "100"}, "missing_lines": [], "excluded_lines": [14, 15], "start_line": 1}}, "classes": {"LLMConfig": {"executed_lines": [37, 40, 42, 46], "summary": {"covered_lines": 4, "num_statements": 6, "percent_covered": 66.66666666666667, "percent_covered_display": "67", "missing_lines": 2, "excluded_lines": 0, "percent_statements_covered": 66.66666666666667, "percent_statements_covered_display": "67"}, "missing_lines": [41, 43], "excluded_lines": [], "start_line": 25}, "AppConfig": {"executed_lines": [76, 78, 88, 90], "summary": {"covered_lines": 4, "num_statements": 4, "percent_covered": 100.0, "percent_covered_display": "100", "missing_lines": 0, "excluded_lines": 0, "percent_statements_covered": 100.0, "percent_statements_covered_display": "100"}, "missing_lines": [], "excluded_lines": [], "start_line": 62}, "": {"executed_lines": [3, 5, 6, 7, 8, 10, 11, 13, 18, 24, 25, 26, 27, 28, 29, 30, 31, 32, 33, 34, 36, 45, 61, 62, 63, 64, 65, 66, 67, 68, 69, 70, 71, 72, 74, 75, 110, 111, 112, 113, 114, 115, 120, 121, 122, 124, 125, 130, 131, 132, 134, 137, 138, 139, 141], "summary": {"covered_lines": 55, "num_statements": 62, "percent_covered": 88.70967741935483, "percent_covered_display": "89", "missing_lines": 7, "excluded_lines": 2, "percent_statements_covered": 88.70967741935483, "percent_statements_covered_display": "89"}, "missing_lines": [116, 117, 123, 126, 127, 133, 140], "excluded_lines": [14, 15], "start_line": 1}}}, "src\\errors\\__init__.py": {"executed_lines": [], "summary": {"covered_lines": 0, "num_statements": 0, "percent_covered": 100.0, "percent_covered_display": "100", "missing_lines": 0, "excluded_lines": 0, "percent_statements_covered": 100.0, "percent_statements_covered_display": "100"}, "missing_lines": [], "excluded_lines": [], "functions": {"": {"executed_lines": [], "summary": {"covered_lines": 0, "num_statements": 0, "percent_covered": 100.0, "percent_covered_display": "100", "missing_lines": 0, "excluded_lines": 0, "percent_statements_covered": 100.0, "percent_statements_covered_display": "100"}, "missing_lines": [], "excluded_lines": [], "start_line": 1}}, "classes": {"": {"executed_lines": [], "summary": {"covered_lines": 0, "num_statements": 0, "percent_covered": 100.0, "percent_covered_display": "100", "missing_lines": 0, "excluded_lines": 0, "percent_statements_covered": 100.0, "percent_statements_covered_display": "100"}, "missing_lines": [], "excluded_lines": [], "start_line": 1}}}, "src\\errors\\types.py": {"executed_lines": [14, 16, 17, 18, 23, 24, 31, 32, 33, 34, 36, 39, 41, 44, 57, 67, 68, 71, 72, 74, 83, 84, 87, 88, 89, 92, 93, 96, 97, 99, 105, 106, 109, 110, 111, 114, 115, 118, 119, 122, 123, 126, 129, 130, 133, 139, 140, 141, 142, 143, 144, 145, 146, 147, 148, 149, 150, 151, 152, 153, 154, 155, 156, 157, 158, 159, 160, 161, 162, 163, 166], "summary": {"covered_lines": 71, "num_statements": 94, "percent_covered": 75.53191489361703, "percent_covered_display": "76", "missing_lines": 23, "excluded_lines": 0, "percent_statements_covered": 75.53191489361703, "percent_statements_covered_display": "76"}, "missing_lines": [42, 50, 51, 52, 53, 54, 55, 59, 60, 61, 62, 63, 64, 75, 76, 77, 78, 79, 80, 100, 101, 102, 168], "excluded_lines": [], "functions": {"AgentError.__post_init__": {"executed_lines": [39], "summary": {"covered_lines": 1, "num_statements": 1, "percent_covered": 100.0, "percent_covered_display": "100", "missing_lines": 0, "excluded_lines": 0, "percent_statements_covered": 100.0, "percent_statements_covered_display": "100"}, "missing_lines": [], "excluded_lines": [], "start_line": 36}, "AgentError.__str__": {"executed_lines": [], "summary": {"covered_lines": 0, "num_statements": 1, "percent_covered": 0.0, "percent_covered_display": "0", "missing_lines": 1, "excluded_lines": 0, "percent_statements_covered": 0.0, "percent_statements_covered_display": "0"}, "missing_lines": [42], "excluded_lines": [], "start_line": 41}, "AgentError.to_llm_text": {"executed_lines": [], "summary": {"covered_lines": 0, "num_statements": 6, "percent_covered": 0.0, "percent_covered_display": "0", "missing_lines": 6, "excluded_lines": 0, "percent_statements_covered": 0.0, "percent_statements_covered_display": "0"}, "missing_lines": [50, 51, 52, 53, 54, 55], "excluded_lines": [], "start_line": 44}, "AgentError.to_api_dict": {"executed_lines": [], "summary": {"covered_lines": 0, "num_statements": 6, "percent_covered": 0.0, "percent_covered_display": "0", "missing_lines": 6, "excluded_lines": 0, "percent_statements_covered": 0.0, "percent_statements_covered_display": "0"}, "missing_lines": [59, 60, 61, 62, 63, 64], "excluded_lines": [], "start_line": 57}, "ToolExecutionError.to_llm_text": {"executed_lines": [], "summary": {"covered_lines": 0, "num_statements": 6, "percent_covered": 0.0, "percent_covered_display": "0", "missing_lines": 6, "excluded_lines": 0, "percent_statements_covered": 0.0, "percent_statements_covered_display": "0"}, "missing_lines": [75, 76, 77, 78, 79, 80], "excluded_lines": [], "start_line": 74}, "ValidationError.to_llm_text": {"executed_lines": [], "summary": {"covered_lines": 0, "num_statements": 3, "percent_covered": 0.0, "percent_covered_display": "0", "missing_lines": 3, "excluded_lines": 0, "percent_statements_covered": 0.0, "percent_statements_covered_display": "0"}, "missing_lines": [100, 101, 102], "excluded_lines": [], "start_line": 99}, "wrap_unexpected": {"executed_lines": [], "summary": {"covered_lines": 0, "num_statements": 1, "percent_covered": 0.0, "percent_covered_display": "0", "missing_lines": 1, "excluded_lines": 0, "percent_statements_covered": 0.0, "percent_statements_covered_display": "0"}, "missing_lines": [168], "excluded_lines": [], "start_line": 166}, "": {"executed_lines": [14, 16, 17, 18, 23, 24, 31, 32, 33, 34, 36, 41, 44, 57, 67, 68, 71, 72, 74, 83, 84, 87, 88, 89, 92, 93, 96, 97, 99, 105, 106, 109, 110, 111, 114, 115, 118, 119, 122, 123, 126, 129, 130, 133, 139, 140, 141, 142, 143, 144, 145, 146, 147, 148, 149, 150, 151, 152, 153, 154, 155, 156, 157, 158, 159, 160, 161, 162, 163, 166], "summary": {"covered_lines": 70, "num_statements": 70, "percent_covered": 100.0, "percent_covered_display": "100", "missing_lines": 0, "excluded_lines": 0, "percent_statements_covered": 100.0, "percent_statements_covered_display": "100"}, "missing_lines": [], "excluded_lines": [], "start_line": 1}}, "classes": {"AgentError": {"executed_lines": [39], "summary": {"covered_lines": 1, "num_statements": 14, "percent_covered": 7.142857142857143, "percent_covered_display": "7", "missing_lines": 13, "excluded_lines": 0, "percent_statements_covered": 7.142857142857143, "percent_statements_covered_display": "7"}, "missing_lines": [42, 50, 51, 52, 53, 54, 55, 59, 60, 61, 62, 63, 64], "excluded_lines": [], "start_line": 24}, "ToolExecutionError": {"executed_lines": [], "summary": {"covered_lines": 0, "num_statements": 6, "percent_covered": 0.0, "percent_covered_display": "0", "missing_lines": 6, "excluded_lines": 0, "percent_statements_covered": 0.0, "percent_statements_covered_display": "0"}, "missing_lines": [75, 76, 77, 78, 79, 80], "excluded_lines": [], "start_line": 68}, "PermissionDeniedError": {"executed_lines": [], "summary": {"covered_lines": 0, "num_statements": 0, "percent_covered": 100.0, "percent_covered_display": "100", "missing_lines": 0, "excluded_lines": 0, "percent_statements_covered": 100.0, "percent_statements_covered_display": "100"}, "missing_lines": [], "excluded_lines": [], "start_line": 84}, "ValidationError": {"executed_lines": [], "summary": {"covered_lines": 0, "num_statements": 3, "percent_covered": 0.0, "percent_covered_display": "0", "missing_lines": 3, "excluded_lines": 0, "percent_statements_covered": 0.0, "percent_statements_covered_display": "0"}, "missing_lines": [100, 101, 102], "excluded_lines": [], "start_line": 93}, "LLMAPIError": {"executed_lines": [], "summary": {"covered_lines": 0, "num_statements": 0, "percent_covered": 100.0, "percent_covered_display": "100", "missing_lines": 0, "excluded_lines": 0, "percent_statements_covered": 100.0, "percent_statements_covered_display": "100"}, "missing_lines": [], "excluded_lines": [], "start_line": 106}, "SystemError": {"executed_lines": [], "summary": {"covered_lines": 0, "num_statements": 0, "percent_covered": 100.0, "percent_covered_display": "100", "missing_lines": 0, "excluded_lines": 0, "percent_statements_covered": 100.0, "percent_statements_covered_display": "100"}, "missing_lines": [], "excluded_lines": [], "start_line": 115}, "SessionNotFoundError": {"executed_lines": [], "summary": {"covered_lines": 0, "num_statements": 0, "percent_covered": 100.0, "percent_covered_display": "100", "missing_lines": 0, "excluded_lines": 0, "percent_statements_covered": 100.0, "percent_statements_covered_display": "100"}, "missing_lines": [], "excluded_lines": [], "start_line": 123}, "LaneNotFoundError": {"executed_lines": [], "summary": {"covered_lines": 0, "num_statements": 0, "percent_covered": 100.0, "percent_covered_display": "100", "missing_lines": 0, "excluded_lines": 0, "percent_statements_covered": 100.0, "percent_statements_covered_display": "100"}, "missing_lines": [], "excluded_lines": [], "start_line": 130}, "": {"executed_lines": [14, 16, 17, 18, 23, 24, 31, 32, 33, 34, 36, 41, 44, 57, 67, 68, 71, 72, 74, 83, 84, 87, 88, 89, 92, 93, 96, 97, 99, 105, 106, 109, 110, 111, 114, 115, 118, 119, 122, 123, 126, 129, 130, 133, 139, 140, 141, 142, 143, 144, 145, 146, 147, 148, 149, 150, 151, 152, 153, 154, 155, 156, 157, 158, 159, 160, 161, 162, 163, 166], "summary": {"covered_lines": 70, "num_statements": 71, "percent_covered": 98.59154929577464, "percent_covered_display": "99", "missing_lines": 1, "excluded_lines": 0, "percent_statements_covered": 98.59154929577464, "percent_statements_covered_display": "99"}, "missing_lines": [168], "excluded_lines": [], "start_line": 1}}}, "src\\llm\\__init__.py": {"executed_lines": [], "summary": {"covered_lines": 0, "num_statements": 0, "percent_covered": 100.0, "percent_covered_display": "100", "missing_lines": 0, "excluded_lines": 0, "percent_statements_covered": 100.0, "percent_statements_covered_display": "100"}, "missing_lines": [], "excluded_lines": [], "functions": {"": {"executed_lines": [], "summary": {"covered_lines": 0, "num_statements": 0, "percent_covered": 100.0, "percent_covered_display": "100", "missing_lines": 0, "excluded_lines": 0, "percent_statements_covered": 100.0, "percent_statements_covered_display": "100"}, "missing_lines": [], "excluded_lines": [], "start_line": 1}}, "classes": {"": {"executed_lines": [], "summary": {"covered_lines": 0, "num_statements": 0, "percent_covered": 100.0, "percent_covered_display": "100", "missing_lines": 0, "excluded_lines": 0, "percent_statements_covered": 100.0, "percent_statements_covered_display": "100"}, "missing_lines": [], "excluded_lines": [], "start_line": 1}}}, "src\\llm\\client.py": {"executed_lines": [9, 11, 12, 13, 14, 16, 17, 18, 20, 23, 26, 32, 33, 34, 36, 41, 44, 47, 48, 50, 51, 54, 55, 59, 126, 127, 129, 130, 132, 133, 136, 145, 146, 147, 163], "summary": {"covered_lines": 35, "num_statements": 66, "percent_covered": 53.03030303030303, "percent_covered_display": "53", "missing_lines": 31, "excluded_lines": 0, "percent_statements_covered": 53.03030303030303, "percent_statements_covered_display": "53"}, "missing_lines": [38, 52, 57, 72, 74, 75, 76, 78, 79, 80, 81, 82, 83, 84, 85, 86, 87, 88, 89, 93, 95, 97, 102, 103, 115, 116, 117, 124, 137, 138, 155], "excluded_lines": [], "functions": {"RetryPolicy.__init__": {"executed_lines": [32, 33, 34], "summary": {"covered_lines": 3, "num_statements": 3, "percent_covered": 100.0, "percent_covered_display": "100", "missing_lines": 0, "excluded_lines": 0, "percent_statements_covered": 100.0, "percent_statements_covered_display": "100"}, "missing_lines": [], "excluded_lines": [], "start_line": 26}, "RetryPolicy.get_delay": {"executed_lines": [], "summary": {"covered_lines": 0, "num_statements": 1, "percent_covered": 0.0, "percent_covered_display": "0", "missing_lines": 1, "excluded_lines": 0, "percent_statements_covered": 0.0, "percent_statements_covered_display": "0"}, "missing_lines": [38], "excluded_lines": [], "start_line": 36}, "LLMClient.__init__": {"executed_lines": [47, 48], "summary": {"covered_lines": 2, "num_statements": 2, "percent_covered": 100.0, "percent_covered_display": "100", "missing_lines": 0, "excluded_lines": 0, "percent_statements_covered": 100.0, "percent_statements_covered_display": "100"}, "missing_lines": [], "excluded_lines": [], "start_line": 44}, "LLMClient.model": {"executed_lines": [], "summary": {"covered_lines": 0, "num_statements": 1, "percent_covered": 0.0, "percent_covered_display": "0", "missing_lines": 1, "excluded_lines": 0, "percent_statements_covered": 0.0, "percent_statements_covered_display": "0"}, "missing_lines": [52], "excluded_lines": [], "start_line": 51}, "LLMClient.provider_name": {"executed_lines": [], "summary": {"covered_lines": 0, "num_statements": 1, "percent_covered": 0.0, "percent_covered_display": "0", "missing_lines": 1, "excluded_lines": 0, "percent_statements_covered": 0.0, "percent_statements_covered_display": "0"}, "missing_lines": [57], "excluded_lines": [], "start_line": 55}, "LLMClient.chat": {"executed_lines": [], "summary": {"covered_lines": 0, "num_statements": 25, "percent_covered": 0.0, "percent_covered_display": "0", "missing_lines": 25, "excluded_lines": 0, "percent_statements_covered": 0.0, "percent_statements_covered_display": "0"}, "missing_lines": [72, 74, 75, 76, 78, 79, 80, 81, 82, 83, 84, 85, 86, 87, 88, 89, 93, 95, 97, 102, 103, 115, 116, 117, 124], "excluded_lines": [], "start_line": 59}, "LLMClient.from_config": {"executed_lines": [129, 130, 132, 133, 136, 145, 146, 147, 163], "summary": {"covered_lines": 9, "num_statements": 12, "percent_covered": 75.0, "percent_covered_display": "75", "missing_lines": 3, "excluded_lines": 0, "percent_statements_covered": 75.0, "percent_statements_covered_display": "75"}, "missing_lines": [137, 138, 155], "excluded_lines": [], "start_line": 127}, "": {"executed_lines": [9, 11, 12, 13, 14, 16, 17, 18, 20, 23, 26, 36, 41, 44, 50, 51, 54, 55, 59, 126, 127], "summary": {"covered_lines": 21, "num_statements": 21, "percent_covered": 100.0, "percent_covered_display": "100", "missing_lines": 0, "excluded_lines": 0, "percent_statements_covered": 100.0, "percent_statements_covered_display": "100"}, "missing_lines": [], "excluded_lines": [], "start_line": 1}}, "classes": {"RetryPolicy": {"executed_lines": [32, 33, 34], "summary": {"covered_lines": 3, "num_statements": 4, "percent_covered": 75.0, "percent_covered_display": "75", "missing_lines": 1, "excluded_lines": 0, "percent_statements_covered": 75.0, "percent_statements_covered_display": "75"}, "missing_lines": [38], "excluded_lines": [], "start_line": 23}, "LLMClient": {"executed_lines": [47, 48, 129, 130, 132, 133, 136, 145, 146, 147, 163], "summary": {"covered_lines": 11, "num_statements": 41, "percent_covered": 26.829268292682926, "percent_covered_display": "27", "missing_lines": 30, "excluded_lines": 0, "percent_statements_covered": 26.829268292682926, "percent_statements_covered_display": "27"}, "missing_lines": [52, 57, 72, 74, 75, 76, 78, 79, 80, 81, 82, 83, 84, 85, 86, 87, 88, 89, 93, 95, 97, 102, 103, 115, 116, 117, 124, 137, 138, 155], "excluded_lines": [], "start_line": 41}, "": {"executed_lines": [9, 11, 12, 13, 14, 16, 17, 18, 20, 23, 26, 36, 41, 44, 50, 51, 54, 55, 59, 126, 127], "summary": {"covered_lines": 21, "num_statements": 21, "percent_covered": 100.0, "percent_covered_display": "100", "missing_lines": 0, "excluded_lines": 0, "percent_statements_covered": 100.0, "percent_statements_covered_display": "100"}, "missing_lines": [], "excluded_lines": [], "start_line": 1}}}, "src\\llm\\events.py": {"executed_lines": [10, 12, 13, 15, 18, 19, 22, 23, 24, 27, 28, 35, 36, 37, 38, 40, 72, 81, 82, 85, 88, 89, 92, 93, 94, 97, 98, 105, 106, 109, 110, 113, 114, 117, 120, 121, 122], "summary": {"covered_lines": 37, "num_statements": 50, "percent_covered": 74.0, "percent_covered_display": "74", "missing_lines": 13, "excluded_lines": 0, "percent_statements_covered": 74.0, "percent_statements_covered_display": "74"}, "missing_lines": [42, 45, 46, 47, 48, 50, 52, 53, 66, 67, 69, 73, 75], "excluded_lines": [], "functions": {"Message.to_api_dict": {"executed_lines": [], "summary": {"covered_lines": 0, "num_statements": 11, "percent_covered": 0.0, "percent_covered_display": "0", "missing_lines": 11, "excluded_lines": 0, "percent_statements_covered": 0.0, "percent_statements_covered_display": "0"}, "missing_lines": [42, 45, 46, 47, 48, 50, 52, 53, 66, 67, 69], "excluded_lines": [], "start_line": 40}, "_dumps": {"executed_lines": [], "summary": {"covered_lines": 0, "num_statements": 2, "percent_covered": 0.0, "percent_covered_display": "0", "missing_lines": 2, "excluded_lines": 0, "percent_statements_covered": 0.0, "percent_statements_covered_display": "0"}, "missing_lines": [73, 75], "excluded_lines": [], "start_line": 72}, "": {"executed_lines": [10, 12, 13, 15, 18, 19, 22, 23, 24, 27, 28, 35, 36, 37, 38, 40, 72, 81, 82, 85, 88, 89, 92, 93, 94, 97, 98, 105, 106, 109, 110, 113, 114, 117, 120, 121, 122], "summary": {"covered_lines": 37, "num_statements": 37, "percent_covered": 100.0, "percent_covered_display": "100", "missing_lines": 0, "excluded_lines": 0, "percent_statements_covered": 100.0, "percent_statements_covered_display": "100"}, "missing_lines": [], "excluded_lines": [], "start_line": 1}}, "classes": {"ToolCall": {"executed_lines": [], "summary": {"covered_lines": 0, "num_statements": 0, "percent_covered": 100.0, "percent_covered_display": "100", "missing_lines": 0, "excluded_lines": 0, "percent_statements_covered": 100.0, "percent_statements_covered_display": "100"}, "missing_lines": [], "excluded_lines": [], "start_line": 19}, "Message": {"executed_lines": [], "summary": {"covered_lines": 0, "num_statements": 11, "percent_covered": 0.0, "percent_covered_display": "0", "missing_lines": 11, "excluded_lines": 0, "percent_statements_covered": 0.0, "percent_statements_covered_display": "0"}, "missing_lines": [42, 45, 46, 47, 48, 50, 52, 53, 66, 67, 69], "excluded_lines": [], "start_line": 28}, "TextDeltaEvent": {"executed_lines": [], "summary": {"covered_lines": 0, "num_statements": 0, "percent_covered": 100.0, "percent_covered_display": "100", "missing_lines": 0, "excluded_lines": 0, "percent_statements_covered": 100.0, "percent_statements_covered_display": "100"}, "missing_lines": [], "excluded_lines": [], "start_line": 82}, "ToolCallEvent": {"executed_lines": [], "summary": {"covered_lines": 0, "num_statements": 0, "percent_covered": 100.0, "percent_covered_display": "100", "missing_lines": 0, "excluded_lines": 0, "percent_statements_covered": 100.0, "percent_statements_covered_display": "100"}, "missing_lines": [], "excluded_lines": [], "start_line": 89}, "DoneEvent": {"executed_lines": [], "summary": {"covered_lines": 0, "num_statements": 0, "percent_covered": 100.0, "percent_covered_display": "100", "missing_lines": 0, "excluded_lines": 0, "percent_statements_covered": 100.0, "percent_statements_covered_display": "100"}, "missing_lines": [], "excluded_lines": [], "start_line": 98}, "ErrorEvent": {"executed_lines": [], "summary": {"covered_lines": 0, "num_statements": 0, "percent_covered": 100.0, "percent_covered_display": "100", "missing_lines": 0, "excluded_lines": 0, "percent_statements_covered": 100.0, "percent_statements_covered_display": "100"}, "missing_lines": [], "excluded_lines": [], "start_line": 110}, "": {"executed_lines": [10, 12, 13, 15, 18, 19, 22, 23, 24, 27, 28, 35, 36, 37, 38, 40, 72, 81, 82, 85, 88, 89, 92, 93, 94, 97, 98, 105, 106, 109, 110, 113, 114, 117, 120, 121, 122], "summary": {"covered_lines": 37, "num_statements": 39, "percent_covered": 94.87179487179488, "percent_covered_display": "95", "missing_lines": 2, "excluded_lines": 0, "percent_statements_covered": 94.87179487179488, "percent_statements_covered_display": "95"}, "missing_lines": [73, 75], "excluded_lines": [], "start_line": 1}}}, "src\\llm\\providers.py": {"executed_lines": [3, 5, 6, 8, 9, 17, 19, 22, 23, 33, 44, 52, 55, 64, 66, 75, 76, 77, 78, 79, 80, 81, 82, 84, 158, 161], "summary": {"covered_lines": 26, "num_statements": 67, "percent_covered": 38.80597014925373, "percent_covered_display": "39", "missing_lines": 41, "excluded_lines": 8, "percent_statements_covered": 38.80597014925373, "percent_statements_covered_display": "39"}, "missing_lines": [45, 46, 47, 48, 49, 67, 90, 98, 99, 100, 101, 103, 104, 105, 107, 108, 109, 110, 111, 116, 117, 119, 120, 122, 123, 124, 126, 127, 128, 129, 136, 137, 139, 140, 141, 147, 148, 150, 151, 155, 169], "excluded_lines": [25, 26, 27, 28, 29, 30, 31, 32], "functions": {"LLMProvider.chat": {"executed_lines": [], "summary": {"covered_lines": 0, "num_statements": 0, "percent_covered": 100.0, "percent_covered_display": "100", "missing_lines": 0, "excluded_lines": 1, "percent_statements_covered": 100.0, "percent_statements_covered_display": "100"}, "missing_lines": [], "excluded_lines": [30], "start_line": 25}, "_is_retryable": {"executed_lines": [], "summary": {"covered_lines": 0, "num_statements": 5, "percent_covered": 0.0, "percent_covered_display": "0", "missing_lines": 5, "excluded_lines": 0, "percent_statements_covered": 0.0, "percent_statements_covered_display": "0"}, "missing_lines": [45, 46, 47, 48, 49], "excluded_lines": [], "start_line": 44}, "OpenAIProvider.__init__": {"executed_lines": [64, 66, 75, 76, 77, 78, 79, 80, 81, 82], "summary": {"covered_lines": 10, "num_statements": 11, "percent_covered": 90.9090909090909, "percent_covered_display": "91", "missing_lines": 1, "excluded_lines": 0, "percent_statements_covered": 90.9090909090909, "percent_statements_covered_display": "91"}, "missing_lines": [67], "excluded_lines": [], "start_line": 55}, "OpenAIProvider.chat": {"executed_lines": [], "summary": {"covered_lines": 0, "num_statements": 34, "percent_covered": 0.0, "percent_covered_display": "0", "missing_lines": 34, "excluded_lines": 0, "percent_statements_covered": 0.0, "percent_statements_covered_display": "0"}, "missing_lines": [90, 98, 99, 100, 101, 103, 104, 105, 107, 108, 109, 110, 111, 116, 117, 119, 120, 122, 123, 124, 126, 127, 128, 129, 136, 137, 139, 140, 141, 147, 148, 150, 151, 155], "excluded_lines": [], "start_line": 84}, "DeepSeekProvider.__init__": {"executed_lines": [], "summary": {"covered_lines": 0, "num_statements": 1, "percent_covered": 0.0, "percent_covered_display": "0", "missing_lines": 1, "excluded_lines": 0, "percent_statements_covered": 0.0, "percent_statements_covered_display": "0"}, "missing_lines": [169], "excluded_lines": [], "start_line": 161}, "": {"executed_lines": [3, 5, 6, 8, 9, 17, 19, 22, 23, 33, 44, 52, 55, 84, 158, 161], "summary": {"covered_lines": 16, "num_statements": 16, "percent_covered": 100.0, "percent_covered_display": "100", "missing_lines": 0, "excluded_lines": 7, "percent_statements_covered": 100.0, "percent_statements_covered_display": "100"}, "missing_lines": [], "excluded_lines": [25, 26, 27, 28, 29, 31, 32], "start_line": 1}}, "classes": {"LLMProvider": {"executed_lines": [], "summary": {"covered_lines": 0, "num_statements": 0, "percent_covered": 100.0, "percent_covered_display": "100", "missing_lines": 0, "excluded_lines": 1, "percent_statements_covered": 100.0, "percent_statements_covered_display": "100"}, "missing_lines": [], "excluded_lines": [30], "start_line": 22}, "OpenAIProvider": {"executed_lines": [64, 66, 75, 76, 77, 78, 79, 80, 81, 82], "summary": {"covered_lines": 10, "num_statements": 45, "percent_covered": 22.22222222222222, "percent_covered_display": "22", "missing_lines": 35, "excluded_lines": 0, "percent_statements_covered": 22.22222222222222, "percent_statements_covered_display": "22"}, "missing_lines": [67, 90, 98, 99, 100, 101, 103, 104, 105, 107, 108, 109, 110, 111, 116, 117, 119, 120, 122, 123, 124, 126, 127, 128, 129, 136, 137, 139, 140, 141, 147, 148, 150, 151, 155], "excluded_lines": [], "start_line": 52}, "DeepSeekProvider": {"executed_lines": [], "summary": {"covered_lines": 0, "num_statements": 1, "percent_covered": 0.0, "percent_covered_display": "0", "missing_lines": 1, "excluded_lines"
[...]
"EditFileTool": {"executed_lines": [277, 278, 280, 281, 284, 289, 295, 296, 300, 301, 304, 305, 306, 307, 317, 318, 319, 320, 324, 325, 329, 330, 331, 339, 340, 344, 345, 351], "summary": {"covered_lines": 28, "num_statements": 42, "percent_covered": 66.66666666666667, "percent_covered_display": "67", "missing_lines": 14, "excluded_lines": 0, "percent_statements_covered": 66.66666666666667, "percent_statements_covered_display": "67"}, "missing_lines": [279, 285, 290, 297, 298, 302, 308, 309, 321, 322, 326, 327, 346, 350], "excluded_lines": [], "start_line": 255}, "": {"executed_lines": [9, 11, 12, 13, 14, 15, 17, 18, 20, 22, 25, 26, 29, 32, 35, 51, 59, 65, 66, 67, 73, 75, 78, 79, 80, 84, 95, 102, 170, 171, 172, 177, 178, 179, 183, 199, 208, 255, 256, 257, 261, 274, 283, 337, 354, 358, 370, 376, 377, 378, 381, 382, 383, 384, 385, 387, 388, 389, 390, 393, 394, 395, 396, 399, 400, 404, 405, 415, 417], "summary": {"covered_lines": 69, "num_statements": 85, "percent_covered": 81.17647058823529, "percent_covered_display": "81", "missing_lines": 16, "excluded_lines": 0, "percent_statements_covered": 81.17647058823529, "percent_statements_covered_display": "81"}, "missing_lines": [68, 69, 70, 355, 359, 360, 361, 362, 363, 364, 365, 366, 367, 379, 401, 416], "excluded_lines": [], "start_line": 1}}}, "src\\tools\\registry.py": {"executed_lines": [6, 8, 9, 10, 12, 18, 20, 25, 35, 37, 39, 40, 43, 44, 45, 49, 50, 53, 54, 56, 59, 62, 65, 66, 68, 69, 71, 73, 74, 76, 79, 82, 83, 85, 87, 88, 97, 98, 107, 111, 112, 114, 115, 116, 118, 119, 120, 121, 122, 123, 124, 125, 126, 128, 129, 135, 136, 138, 139, 140, 141, 142, 143], "summary": {"covered_lines": 63, "num_statements": 73, "percent_covered": 86.3013698630137, "percent_covered_display": "86", "missing_lines": 10, "excluded_lines": 0, "percent_statements_covered": 86.3013698630137, "percent_statements_covered_display": "86"}, "missing_lines": [41, 46, 47, 51, 57, 70, 77, 80, 89, 99], "excluded_lines": [], "functions": {"validate_args": {"executed_lines": [37, 39, 40, 43, 44, 45, 49, 50, 53, 54, 56, 59], "summary": {"covered_lines": 12, "num_statements": 17, "percent_covered": 70.58823529411765, "percent_covered_display": "71", "missing_lines": 5, "excluded_lines": 0, "percent_statements_covered": 70.58823529411765, "percent_statements_covered_display": "71"}, "missing_lines": [41, 46, 47, 51, 57], "excluded_lines": [], "start_line": 35}, "ToolRegistry.__init__": {"executed_lines": [66], "summary": {"covered_lines": 1, "num_statements": 1, "percent_covered": 100.0, "percent_covered_display": "100", "missing_lines": 0, "excluded_lines": 0, "percent_statements_covered": 100.0, "percent_statements_covered_display": "100"}, "missing_lines": [], "excluded_lines": [], "start_line": 65}, "ToolRegistry.register": {"executed_lines": [69, 71], "summary": {"covered_lines": 2, "num_statements": 3, "percent_covered": 66.66666666666667, "percent_covered_display": "67", "missing_lines": 1, "excluded_lines": 0, "percent_statements_covered": 66.66666666666667, "percent_statements_covered_display": "67"}, "missing_lines": [70], "excluded_lines": [], "start_line": 68}, "ToolRegistry.get_tool": {"executed_lines": [74], "summary": {"covered_lines": 1, "num_statements": 1, "percent_covered": 100.0, "percent_covered_display": "100", "missing_lines": 0, "excluded_lines": 0, "percent_statements_covered": 100.0, "percent_statements_covered_display": "100"}, "missing_lines": [], "excluded_lines": [], "start_line": 73}, "ToolRegistry.has_tool": {"executed_lines": [], "summary": {"covered_lines": 0, "num_statements": 1, "percent_covered": 0.0, "percent_covered_display": "0", "missing_lines": 1, "excluded_lines": 0, "percent_statements_covered": 0.0, "percent_statements_covered_display": "0"}, "missing_lines": [77], "excluded_lines": [], "start_line": 76}, "ToolRegistry.tool_names": {"executed_lines": [], "summary": {"covered_lines": 0, "num_statements": 1, "percent_covered": 0.0, "percent_covered_display": "0", "missing_lines": 1, "excluded_lines": 0, "percent_statements_covered": 0.0, "percent_statements_covered_display": "0"}, "missing_lines": [80], "excluded_lines": [], "start_line": 79}, "ToolRegistry.get_tool_schemas": {"executed_lines": [83], "summary": {"covered_lines": 1, "num_statements": 1, "percent_covered": 100.0, "percent_covered_display": "100", "missing_lines": 0, "excluded_lines": 0, "percent_statements_covered": 100.0, "percent_statements_covered_display": "100"}, "missing_lines": [], "excluded_lines": [], "start_line": 82}, "ToolRegistry.execute": {"executed_lines": [87, 88, 97, 98, 107], "summary": {"covered_lines": 5, "num_statements": 7, "percent_covered": 71.42857142857143, "percent_covered_display": "71", "missing_lines": 2, "excluded_lines": 0, "percent_statements_covered": 71.42857142857143, "percent_statements_covered_display": "71"}, "missing_lines": [89, 99], "excluded_lines": [], "start_line": 85}, "ToolRegistry.default": {"executed_lines": [114, 115, 116, 118, 119, 120, 121, 122, 123, 124, 125, 126], "summary": {"covered_lines": 12, "num_statements": 12, "percent_covered": 100.0, "percent_covered_display": "100", "missing_lines": 0, "excluded_lines": 0, "percent_statements_covered": 100.0, "percent_statements_covered_display": "100"}, "missing_lines": [], "excluded_lines": [], "start_line": 112}, "ToolRegistry.readonly": {"executed_lines": [135, 136, 138, 139, 140, 141, 142, 143], "summary": {"covered_lines": 8, "num_statements": 8, "percent_covered": 100.0, "percent_covered_display": "100", "missing_lines": 0, "excluded_lines": 0, "percent_statements_covered": 100.0, "percent_statements_covered_display": "100"}, "missing_lines": [], "excluded_lines": [], "start_line": 129}, "": {"executed_lines": [6, 8, 9, 10, 12, 18, 20, 25, 35, 62, 65, 68, 73, 76, 79, 82, 85, 111, 112, 128, 129], "summary": {"covered_lines": 21, "num_statements": 21, "percent_covered": 100.0, "percent_covered_display": "100", "missing_lines": 0, "excluded_lines": 0, "percent_statements_covered": 100.0, "percent_statements_covered_display": "100"}, "missing_lines": [], "excluded_lines": [], "start_line": 1}}, "classes": {"ToolRegistry": {"executed_lines": [66, 69, 71, 74, 83, 87, 88, 97, 98, 107, 114, 115, 116, 118, 119, 120, 121, 122, 123, 124, 125, 126, 135, 136, 138, 139, 140, 141, 142, 143], "summary": {"covered_lines": 30, "num_statements": 35, "percent_covered": 85.71428571428571, "percent_covered_display": "86", "missing_lines": 5, "excluded_lines": 0, "percent_statements_covered": 85.71428571428571, "percent_statements_covered_display": "86"}, "missing_lines": [70, 77, 80, 89, 99], "excluded_lines": [], "start_line": 62}, "": {"executed_lines": [6, 8, 9, 10, 12, 18, 20, 25, 35, 37, 39, 40, 43, 44, 45, 49, 50, 53, 54, 56, 59, 62, 65, 68, 73, 76, 79, 82, 85, 111, 112, 128, 129], "summary": {"covered_lines": 33, "num_statements": 38, "percent_covered": 86.84210526315789, "percent_covered_display": "87", "missing_lines": 5, "excluded_lines": 0, "percent_statements_covered": 86.84210526315789, "percent_statements_covered_display": "87"}, "missing_lines": [41, 46, 47, 51, 57], "excluded_lines": [], "start_line": 1}}}, "src\\tools\\search_tools.py": {"executed_lines": [10, 12, 13, 14, 15, 17, 18, 21, 46, 47, 48, 50, 53, 54, 55, 58, 61, 62, 63, 68, 83, 84, 86, 89, 93, 95, 97, 99, 105, 106, 118, 119, 121, 122, 123, 125, 133, 134, 135, 136, 137, 139, 147, 148, 149, 153, 173, 174, 176, 183, 185, 191, 192, 193, 200, 201, 202, 204, 207, 213, 214, 215, 216, 217, 219, 220, 221, 222, 223, 224, 225, 226, 227, 228, 229, 230, 231, 232, 234, 242, 243, 244, 246, 252, 255, 256, 258, 266, 267, 268, 269, 270, 272, 273, 277, 279, 280, 283, 284, 287, 289, 290, 297, 298, 299, 300, 301, 302, 303, 304, 305, 306, 307, 308, 309, 311, 312, 313], "summary": {"covered_lines": 118, "num_statements": 146, "percent_covered": 80.82191780821918, "percent_covered_display": "81", "missing_lines": 28, "excluded_lines": 0, "percent_statements_covered": 80.82191780821918, "percent_statements_covered_display": "81"}, "missing_lines": [56, 57, 90, 94, 100, 111, 112, 126, 184, 186, 194, 195, 208, 235, 271, 274, 275, 276, 285, 286, 288, 291, 292, 293, 294, 295, 314, 315], "excluded_lines": [], "functions": {"_is_ignored": {"executed_lines": [54, 55, 58], "summary": {"covered_lines": 3, "num_statements": 5, "percent_covered": 60.0, "percent_covered_display": "60", "missing_lines": 2, "excluded_lines": 0, "percent_statements_covered": 60.0, "percent_statements_covered_display": "60"}, "missing_lines": [56, 57], "excluded_lines": [], "start_line": 53}, "GlobTool.__init__": {"executed_lines": [84], "summary": {"covered_lines": 1, "num_statements": 1, "percent_covered": 100.0, "percent_covered_display": "100", "missing_lines": 0, "excluded_lines": 0, "percent_statements_covered": 100.0, "percent_statements_covered_display": "100"}, "missing_lines": [], "excluded_lines": [], "start_line": 83}, "GlobTool.execute": {"executed_lines": [89, 93, 95], "summary": {"covered_lines": 3, "num_statements": 5, "percent_covered": 60.0, "percent_covered_display": "60", "missing_lines": 2, "excluded_lines": 0, "percent_statements_covered": 60.0, "percent_statements_covered_display": "60"}, "missing_lines": [90, 94], "excluded_lines": [], "start_line": 86}, "GlobTool._glob": {"executed_lines": [99, 105, 106, 118, 119, 121, 122, 123, 125, 133, 134, 135, 136, 137, 139], "summary": {"covered_lines": 15, "num_statements": 19, "percent_covered": 78.94736842105263, "percent_covered_display": "79", "missing_lines": 4, "excluded_lines": 0, "percent_statements_covered": 78.94736842105263, "percent_statements_covered_display": "79"}, "missing_lines": [100, 111, 112, 126], "excluded_lines": [], "start_line": 97}, "GrepTool.__init__": {"executed_lines": [174], "summary": {"covered_lines": 1, "num_statements": 1, "percent_covered": 100.0, "percent_covered_display": "100", "missing_lines": 0, "excluded_lines": 0, "percent_statements_covered": 100.0, "percent_statements_covered_display": "100"}, "missing_lines": [], "excluded_lines": [], "start_line": 173}, "GrepTool.execute": {"executed_lines": [183, 185, 191, 192, 193, 200, 201, 202], "summary": {"covered_lines": 8, "num_statements": 12, "percent_covered": 66.66666666666667, "percent_covered_display": "67", "missing_lines": 4, "excluded_lines": 0, "percent_statements_covered": 66.66666666666667, "percent_statements_covered_display": "67"}, "missing_lines": [184, 186, 194, 195], "excluded_lines": [], "start_line": 176}, "GrepTool._grep": {"executed_lines": [207, 213, 214, 215, 216, 217, 219, 220, 221, 222, 223, 224, 225, 226, 227, 228, 229, 230, 231, 232, 234, 242, 243, 244, 246, 252, 255, 256, 258], "summary": {"covered_lines": 29, "num_statements": 31, "percent_covered": 93.54838709677419, "percent_covered_display": "94", "missing_lines": 2, "excluded_lines": 0, "percent_statements_covered": 93.54838709677419, "percent_statements_covered_display": "94"}, "missing_lines": [208, 235], "excluded_lines": [], "start_line": 204}, "GrepTool._walk": {"executed_lines": [267, 268, 269, 270, 272, 273, 277], "summary": {"covered_lines": 7, "num_statements": 11, "percent_covered": 63.63636363636363, "percent_covered_display": "64", "missing_lines": 4, "excluded_lines": 0, "percent_statements_covered": 63.63636363636363, "percent_statements_covered_display": "64"}, "missing_lines": [271, 274, 275, 276], "excluded_lines": [], "start_line": 266}, "GrepTool._search_file": {"executed_lines": [283, 284, 287, 289, 290, 297, 298, 299, 300, 301, 302, 303, 304, 305, 306, 307, 308, 309], "summary": {"covered_lines": 18, "num_statements": 26, "percent_covered": 69.23076923076923, "percent_covered_display": "69", "missing_lines": 8, "excluded_lines": 0, "percent_statements_covered": 69.23076923076923, "percent_statements_covered_display": "69"}, "missing_lines": [285, 286, 288, 291, 292, 293, 294, 295], "excluded_lines": [], "start_line": 280}, "GrepTool._rel": {"executed_lines": [312, 313], "summary": {"covered_lines": 2, "num_statements": 4, "percent_covered": 50.0, "percent_covered_display": "50", "missing_lines": 2, "excluded_lines": 0, "percent_statements_covered": 50.0, "percent_statements_covered_display": "50"}, "missing_lines": [314, 315], "excluded_lines": [], "start_line": 311}, "": {"executed_lines": [10, 12, 13, 14, 15, 17, 18, 21, 46, 47, 48, 50, 53, 61, 62, 63, 68, 83, 86, 97, 147, 148, 149, 153, 173, 176, 204, 266, 279, 280, 311], "summary": {"covered_lines": 31, "num_statements": 31, "percent_covered": 100.0, "percent_covered_display": "100", "missing_lines": 0, "excluded_lines": 0, "percent_statements_covered": 100.0, "percent_statements_covered_display": "100"}, "missing_lines": [], "excluded_lines": [], "start_line": 1}}, "classes": {"GlobTool": {"executed_lines": [84, 89, 93, 95, 99, 105, 106, 118, 119, 121, 122, 123, 125, 133, 134, 135, 136, 137, 139], "summary": {"covered_lines": 19, "num_statements": 25, "percent_covered": 76.0, "percent_covered_display": "76", "missing_lines": 6, "excluded_lines": 0, "percent_statements_covered": 76.0, "percent_statements_covered_display": "76"}, "missing_lines": [90, 94, 100, 111, 112, 126], "excluded_lines": [], "start_line": 61}, "GrepTool": {"executed_lines": [174, 183, 185, 191, 192, 193, 200, 201, 202, 207, 213, 214, 215, 216, 217, 219, 220, 221, 222, 223, 224, 225, 226, 227, 228, 229, 230, 231, 232, 234, 242, 243, 244, 246, 252, 255, 256, 258, 267, 268, 269, 270, 272, 273, 277, 283, 284, 287, 289, 290, 297, 298, 299, 300, 301, 302, 303, 304, 305, 306, 307, 308, 309, 312, 313], "summary": {"covered_lines": 65, "num_statements": 85, "percent_covered": 76.47058823529412, "percent_covered_display": "76", "missing_lines": 20, "excluded_lines": 0, "percent_statements_covered": 76.47058823529412, "percent_statements_covered_display": "76"}, "missing_lines": [184, 186, 194, 195, 208, 235, 271, 274, 275, 276, 285, 286, 288, 291, 292, 293, 294, 295, 314, 315], "excluded_lines": [], "start_line": 147}, "": {"executed_lines": [10, 12, 13, 14, 15, 17, 18, 21, 46, 47, 48, 50, 53, 54, 55, 58, 61, 62, 63, 68, 83, 86, 97, 147, 148, 149, 153, 173, 176, 204, 266, 279, 280, 311], "summary": {"covered_lines": 34, "num_statements": 36, "percent_covered": 94.44444444444444, "percent_covered_display": "94", "missing_lines": 2, "excluded_lines": 0, "percent_statements_covered": 94.44444444444444, "percent_statements_covered_display": "94"}, "missing_lines": [56, 57], "excluded_lines": [], "start_line": 1}}}, "src\\tools\\subagent_tool.py": {"executed_lines": [13, 15, 16, 17, 18, 20, 21, 22, 23, 25, 27, 29, 31, 34, 35, 36, 41, 56, 65, 66, 67, 70, 71, 72, 73, 74, 76, 79, 80, 81, 82, 84, 90, 93, 94, 95, 97, 102, 105, 118, 119, 120, 145, 150, 152, 174, 176, 177, 179, 182, 183, 187, 189, 197, 209, 213, 219, 220, 239, 240, 241], "summary": {"covered_lines": 61, "num_statements": 99, "percent_covered": 61.61616161616162, "percent_covered_display": "62", "missing_lines": 38, "excluded_lines": 0, "percent_statements_covered": 61.61616161616162, "percent_statements_covered_display": "62"}, "missing_lines": [86, 91, 123, 124, 132, 136, 137, 138, 142, 146, 147, 148, 157, 159, 160, 161, 162, 165, 166, 167, 168, 169, 170, 171, 172, 178, 180, 184, 222, 224, 225, 226, 227, 237, 242, 243, 244, 245], "excluded_lines": [], "functions": {"DelegateTaskTool.__init__": {"executed_lines": [65, 66, 67, 70, 71, 72, 73, 74], "summary": {"covered_lines": 8, "num_statements": 8, "percent_covered": 100.0, "percent_covered_display": "100", "missing_lines": 0, "excluded_lines": 0, "percent_statements_covered": 100.0, "percent_statements_covered_display": "100"}, "missing_lines": [], "excluded_lines": [], "start_line": 56}, "DelegateTaskTool.execute": {"executed_lines": [79, 80, 81, 82, 84, 90, 93, 94, 95, 97, 102, 105, 118, 119, 120, 145, 150], "summary": {"covered_lines": 17, "num_statements": 29, "percent_covered": 58.62068965517241, "percent_covered_display": "59", "missing_lines": 12, "excluded_lines": 0, "percent_statements_covered": 58.62068965517241, "percent_statements_covered_display": "59"}, "missing_lines": [86, 91, 123, 124, 132, 136, 137, 138, 142, 146, 147, 148], "excluded_lines": [], "start_line": 76}, "DelegateTaskTool._force_wrapup": {"executed_lines": [], "summary": {"covered_lines": 0, "num_statements": 13, "percent_covered": 0.0, "percent_covered_display": "0", "missing_lines": 13, "excluded_lines": 0, "percent_statements_covered": 0.0, "percent_statements_covered_display": "0"}, "missing_lines": [157, 159, 160, 161, 162, 165, 166, 167, 168, 169, 170, 171, 172], "excluded_lines": [], "start_line": 152}, "DelegateTaskTool._package": {"executed_lines": [176, 177, 179, 182, 183, 187, 189, 197, 209], "summary": {"covered_lines": 9, "num_statements": 12, "percent_covered": 75.0, "percent_covered_display": "75", "missing_lines": 3, "excluded_lines": 0, "percent_statements_covered": 75.0, "percent_statements_covered_display": "75"}, "missing_lines": [178, 180, 184], "excluded_lines": [], "start_line": 174}, "DelegateTaskTool._make_progress_emitter": {"executed_lines": [219, 220], "summary": {"covered_lines": 2, "num_statements": 5, "percent_covered": 40.0, "percent_covered_display": "40", "missing_lines": 3, "excluded_lines": 0, "percent_statements_covered": 40.0, "percent_statements_covered_display": "40"}, "missing_lines": [222, 224, 237], "excluded_lines": [], "start_line": 213}, "DelegateTaskTool._make_progress_emitter._emit_progress": {"executed_lines": [], "summary": {"covered_lines": 0, "num_statements": 3, "percent_covered": 0.0, "percent_covered_display": "0", "missing_lines": 3, "excluded_lines": 0, "percent_statements_covered": 0.0, "percent_statements_covered_display": "0"}, "missing_lines": [225, 226, 227], "excluded_lines": [], "start_line": 224}, "DelegateTaskTool._emit": {"executed_lines": [240, 241], "summary": {"covered_lines": 2, "num_statements": 6, "percent_covered": 33.333333333333336, "percent_covered_display": "33", "missing_lines": 4, "excluded_lines": 0, "percent_statements_covered": 33.333333333333336, "percent_statements_covered_display": "33"}, "missing_lines": [242, 243, 244, 245], "excluded_lines": [], "start_line": 239}, "": {"executed_lines": [13, 15, 16, 17, 18, 20, 21, 22, 23, 25, 27, 29, 31, 34, 35, 36, 41, 56, 76, 152, 174, 213, 239], "summary": {"covered_lines": 23, "num_statements": 23, "percent_covered": 100.0, "percent_covered_display": "100", "missing_lines": 0, "excluded_lines": 0, "percent_statements_covered": 100.0, "percent_statements_covered_display": "100"}, "missing_lines": [], "excluded_lines": [], "start_line": 1}}, "classes": {"DelegateTaskTool": {"executed_lines": [65, 66, 67, 70, 71, 72, 73, 74, 79, 80, 81, 82, 84, 90, 93, 94, 95, 97, 102, 105, 118, 119, 120, 145, 150, 176, 177, 179, 182, 183, 187, 189, 197, 209, 219, 220, 240, 241], "summary": {"covered_lines": 38, "num_statements": 76, "percent_covered": 50.0, "percent_covered_display": "50", "missing_lines": 38, "excluded_lines": 0, "percent_statements_covered": 50.0, "percent_statements_covered_display": "50"}, "missing_lines": [86, 91, 123, 124, 132, 136, 137, 138, 142, 146, 147, 148, 157, 159, 160, 161, 162, 165, 166, 167, 168, 169, 170, 171, 172, 178, 180, 184, 222, 224, 225, 226, 227, 237, 242, 243, 244, 245], "excluded_lines": [], "start_line": 34}, "": {"executed_lines": [13, 15, 16, 17, 18, 20, 21, 22, 23, 25, 27, 29, 31, 34, 35, 36, 41, 56, 76, 152, 174, 213, 239], "summary": {"covered_lines": 23, "num_statements": 23, "percent_covered": 100.0, "percent_covered_display": "100", "missing_lines": 0, "excluded_lines": 0, "percent_statements_covered": 100.0, "percent_statements_covered_display": "100"}, "missing_lines": [], "excluded_lines": [], "start_line": 1}}}}, "totals": {"covered_lines": 1802, "num_statements": 2351, "percent_covered": 76.6482347937048, "percent_covered_display": "77", "missing_lines": 549, "excluded_lines": 20, "percent_statements_covered": 76.6482347937048, "percent_statements_covered_display": "77"}}